// CLASSIFICATION: COMMUNITY
// Filename: rust_fix_build_verified_20250706_115245.log v0.1
// Author: Codex Bot
// Date Modified: 2025-07-06
    Updating crates.io index
 Downloading crates ...
  Downloaded getopts v0.2.23
  Downloaded rustc-demangle v0.1.25
  Downloaded unicode-width v0.2.1
  Downloaded rustc-literal-escaper v0.0.4
   Compiling compiler_builtins v0.1.160 (/root/.rustup/toolchains/nightly-x86_64-unknown-linux-gnu/lib/rustlib/src/rust/library/compiler-builtins/compiler-builtins)
   Compiling core v0.0.0 (/root/.rustup/toolchains/nightly-x86_64-unknown-linux-gnu/lib/rustlib/src/rust/library/core)
   Compiling version_check v0.9.5
   Compiling typenum v1.18.0
   Compiling proc-macro2 v1.0.95
   Compiling generic-array v0.14.7
   Compiling autocfg v1.5.0
   Compiling unicode-ident v1.0.18
   Compiling semver v1.0.26
   Compiling rustix v0.38.44
   Compiling quote v1.0.40
   Compiling rustc_version v0.4.1
   Compiling syn v2.0.104
   Compiling lock_api v0.4.13
   Compiling linux-raw-sys v0.4.15
   Compiling bitflags v2.9.1
   Compiling serde v1.0.219
   Compiling libm v0.2.15
   Compiling curve25519-dalek v4.1.3
   Compiling num-traits v0.2.19
   Compiling either v1.15.0
   Compiling serde_json v1.0.140
   Compiling home v0.5.11
   Compiling paste v1.0.15
   Compiling thiserror v1.0.69
   Compiling which v5.0.0
   Compiling serde_derive v1.0.219
   Compiling thiserror-impl v1.0.69
   Compiling cohesix v0.1.0 (/workspace/cohesix)
   Compiling alloc v0.0.0 (/root/.rustup/toolchains/nightly-x86_64-unknown-linux-gnu/lib/rustlib/src/rust/library/alloc)
   Compiling subtle v2.6.1
   Compiling cfg-if v1.0.1
   Compiling cpufeatures v0.2.17
   Compiling opaque-debug v0.3.1
   Compiling scopeguard v1.2.0
   Compiling memchr v2.7.5 (/workspace/cohesix/third_party/memchr_simple)
error[E0463]: can't find crate for `std`
  |
  = note: the `sel4-aarch64` target may not support the standard library
  = note: `std` is required by `memchr` because it does not declare `#![no_std]`
  = help: consider building the standard library from source with `cargo build -Zbuild-std`

error: cannot find attribute `derive` in this scope
   --> third_party/memchr_simple/src/lib.rs:245:7
    |
245 |     #[derive(Clone, Debug)]
    |       ^^^^^^
    |
help: consider importing this attribute macro
    |
163 +     use core::prelude::rust_2024::derive;
    |

error[E0412]: cannot find type `Option` in this scope
  --> third_party/memchr_simple/src/lib.rs:10:47
   |
10 | pub fn memchr(needle: u8, haystack: &[u8]) -> Option<usize> {
   |                                               ^^^^^^ not found in this scope
   |
help: consider importing this enum
   |
6  + use core::option::Option;
   |

error[E0425]: cannot find function, tuple struct or tuple variant `Some` in this scope
  --> third_party/memchr_simple/src/lib.rs:13:20
   |
13 |             return Some(i);
   |                    ^^^^ not found in this scope
   |
help: consider importing this tuple variant
   |
6  + use core::option::Option::Some;
   |

error[E0425]: cannot find value `None` in this scope
  --> third_party/memchr_simple/src/lib.rs:16:5
   |
16 |     None
   |     ^^^^ not found in this scope
   |
help: consider importing this unit variant
   |
6  + use core::option::Option::None;
   |

error[E0412]: cannot find type `Option` in this scope
  --> third_party/memchr_simple/src/lib.rs:19:48
   |
19 | pub fn memrchr(needle: u8, haystack: &[u8]) -> Option<usize> {
   |                                                ^^^^^^ not found in this scope
   |
help: consider importing this enum
   |
6  + use core::option::Option;
   |

error[E0425]: cannot find function, tuple struct or tuple variant `Some` in this scope
  --> third_party/memchr_simple/src/lib.rs:22:20
   |
22 |             return Some(i);
   |                    ^^^^ not found in this scope
   |
help: consider importing this tuple variant
   |
6  + use core::option::Option::Some;
   |

error[E0425]: cannot find value `None` in this scope
  --> third_party/memchr_simple/src/lib.rs:25:5
   |
25 |     None
   |     ^^^^ not found in this scope
   |
help: consider importing this unit variant
   |
6  + use core::option::Option::None;
   |

error[E0412]: cannot find type `Option` in this scope
  --> third_party/memchr_simple/src/lib.rs:28:52
   |
28 | pub fn memchr2(n1: u8, n2: u8, haystack: &[u8]) -> Option<usize> {
   |                                                    ^^^^^^ not found in this scope
   |
help: consider importing this enum
   |
6  + use core::option::Option;
   |

error[E0425]: cannot find function, tuple struct or tuple variant `Some` in this scope
  --> third_party/memchr_simple/src/lib.rs:31:20
   |
31 |             return Some(i);
   |                    ^^^^ not found in this scope
   |
help: consider importing this tuple variant
   |
6  + use core::option::Option::Some;
   |

error[E0425]: cannot find value `None` in this scope
  --> third_party/memchr_simple/src/lib.rs:34:5
   |
34 |     None
   |     ^^^^ not found in this scope
   |
help: consider importing this unit variant
   |
6  + use core::option::Option::None;
   |

error[E0412]: cannot find type `Option` in this scope
  --> third_party/memchr_simple/src/lib.rs:37:60
   |
37 | pub fn memchr3(n1: u8, n2: u8, n3: u8, haystack: &[u8]) -> Option<usize> {
   |                                                            ^^^^^^ not found in this scope
   |
help: consider importing this enum
   |
6  + use core::option::Option;
   |

error[E0425]: cannot find function, tuple struct or tuple variant `Some` in this scope
  --> third_party/memchr_simple/src/lib.rs:40:20
   |
40 |             return Some(i);
   |                    ^^^^ not found in this scope
   |
help: consider importing this tuple variant
   |
6  + use core::option::Option::Some;
   |

error[E0425]: cannot find value `None` in this scope
  --> third_party/memchr_simple/src/lib.rs:43:5
   |
43 |     None
   |     ^^^^ not found in this scope
   |
help: consider importing this unit variant
   |
6  + use core::option::Option::None;
   |

error[E0412]: cannot find type `Option` in this scope
  --> third_party/memchr_simple/src/lib.rs:46:53
   |
46 | pub fn memrchr2(n1: u8, n2: u8, haystack: &[u8]) -> Option<usize> {
   |                                                     ^^^^^^ not found in this scope
   |
help: consider importing this enum
   |
6  + use core::option::Option;
   |

error[E0425]: cannot find function, tuple struct or tuple variant `Some` in this scope
  --> third_party/memchr_simple/src/lib.rs:49:20
   |
49 |             return Some(i);
   |                    ^^^^ not found in this scope
   |
help: consider importing this tuple variant
   |
6  + use core::option::Option::Some;
   |

error[E0425]: cannot find value `None` in this scope
  --> third_party/memchr_simple/src/lib.rs:52:5
   |
52 |     None
   |     ^^^^ not found in this scope
   |
help: consider importing this unit variant
   |
6  + use core::option::Option::None;
   |

error[E0412]: cannot find type `Option` in this scope
  --> third_party/memchr_simple/src/lib.rs:55:61
   |
55 | pub fn memrchr3(n1: u8, n2: u8, n3: u8, haystack: &[u8]) -> Option<usize> {
   |                                                             ^^^^^^ not found in this scope
   |
help: consider importing this enum
   |
6  + use core::option::Option;
   |

error[E0425]: cannot find function, tuple struct or tuple variant `Some` in this scope
  --> third_party/memchr_simple/src/lib.rs:58:20
   |
58 |             return Some(i);
   |                    ^^^^ not found in this scope
   |
help: consider importing this tuple variant
   |
6  + use core::option::Option::Some;
   |

error[E0425]: cannot find value `None` in this scope
  --> third_party/memchr_simple/src/lib.rs:61:5
   |
61 |     None
   |     ^^^^ not found in this scope
   |
help: consider importing this unit variant
   |
6  + use core::option::Option::None;
   |

error[E0405]: cannot find trait `Iterator` in this scope
  --> third_party/memchr_simple/src/lib.rs:76:10
   |
76 | impl<'h> Iterator for Memchr<'h> {
   |          ^^^^^^^^ not found in this scope
   |
help: consider importing this trait
   |
6  + use core::iter::Iterator;
   |

error[E0412]: cannot find type `Option` in this scope
  --> third_party/memchr_simple/src/lib.rs:78:27
   |
78 |     fn next(&mut self) -> Option<Self::Item> {
   |                           ^^^^^^ not found in this scope
   |
help: consider importing this enum
   |
6  + use core::option::Option;
   |

error[E0425]: cannot find function, tuple struct or tuple variant `Some` in this scope
  --> third_party/memchr_simple/src/lib.rs:84:24
   |
84 |                 return Some(i);
   |                        ^^^^ not found in this scope
   |
help: consider importing this tuple variant
   |
6  + use core::option::Option::Some;
   |

error[E0425]: cannot find value `None` in this scope
  --> third_party/memchr_simple/src/lib.rs:87:9
   |
87 |         None
   |         ^^^^ not found in this scope
   |
help: consider importing this unit variant
   |
6  + use core::option::Option::None;
   |

error[E0405]: cannot find trait `Iterator` in this scope
   --> third_party/memchr_simple/src/lib.rs:108:10
    |
108 | impl<'h> Iterator for Memchr2<'h> {
    |          ^^^^^^^^ not found in this scope
    |
help: consider importing this trait
    |
6   + use core::iter::Iterator;
    |

error[E0412]: cannot find type `Option` in this scope
   --> third_party/memchr_simple/src/lib.rs:110:27
    |
110 |     fn next(&mut self) -> Option<Self::Item> {
    |                           ^^^^^^ not found in this scope
    |
help: consider importing this enum
    |
6   + use core::option::Option;
    |

error[E0425]: cannot find function, tuple struct or tuple variant `Some` in this scope
   --> third_party/memchr_simple/src/lib.rs:116:24
    |
116 |                 return Some(i);
    |                        ^^^^ not found in this scope
    |
help: consider importing this tuple variant
    |
6   + use core::option::Option::Some;
    |

error[E0425]: cannot find value `None` in this scope
   --> third_party/memchr_simple/src/lib.rs:119:9
    |
119 |         None
    |         ^^^^ not found in this scope
    |
help: consider importing this unit variant
    |
6   + use core::option::Option::None;
    |

error[E0405]: cannot find trait `Iterator` in this scope
   --> third_party/memchr_simple/src/lib.rs:141:10
    |
141 | impl<'h> Iterator for Memchr3<'h> {
    |          ^^^^^^^^ not found in this scope
    |
help: consider importing this trait
    |
6   + use core::iter::Iterator;
    |

error[E0412]: cannot find type `Option` in this scope
   --> third_party/memchr_simple/src/lib.rs:143:27
    |
143 |     fn next(&mut self) -> Option<Self::Item> {
    |                           ^^^^^^ not found in this scope
    |
help: consider importing this enum
    |
6   + use core::option::Option;
    |

error[E0425]: cannot find function, tuple struct or tuple variant `Some` in this scope
   --> third_party/memchr_simple/src/lib.rs:149:24
    |
149 |                 return Some(i);
    |                        ^^^^ not found in this scope
    |
help: consider importing this tuple variant
    |
6   + use core::option::Option::Some;
    |

error[E0425]: cannot find value `None` in this scope
   --> third_party/memchr_simple/src/lib.rs:152:9
    |
152 |         None
    |         ^^^^ not found in this scope
    |
help: consider importing this unit variant
    |
6   + use core::option::Option::None;
    |

error[E0412]: cannot find type `Option` in this scope
   --> third_party/memchr_simple/src/lib.rs:169:52
    |
169 |     pub fn find(haystack: &[u8], needle: &[u8]) -> Option<usize> {
    |                                                    ^^^^^^ not found in this scope
    |
help: consider importing this enum
    |
163 +     use core::option::Option;
    |

error[E0425]: cannot find function, tuple struct or tuple variant `Some` in this scope
   --> third_party/memchr_simple/src/lib.rs:171:20
    |
171 |             return Some(0);
    |                    ^^^^ not found in this scope
    |
help: consider importing this tuple variant
    |
163 +     use core::option::Option::Some;
    |

error[E0412]: cannot find type `Option` in this scope
   --> third_party/memchr_simple/src/lib.rs:177:53
    |
177 |     pub fn rfind(haystack: &[u8], needle: &[u8]) -> Option<usize> {
    |                                                     ^^^^^^ not found in this scope
    |
help: consider importing this enum
    |
163 +     use core::option::Option;
    |

error[E0425]: cannot find function, tuple struct or tuple variant `Some` in this scope
   --> third_party/memchr_simple/src/lib.rs:179:20
    |
179 |             return Some(haystack.len());
    |                    ^^^^ not found in this scope
    |
help: consider importing this tuple variant
    |
163 +     use core::option::Option::Some;
    |

error[E0425]: cannot find function, tuple struct or tuple variant `Some` in this scope
   --> third_party/memchr_simple/src/lib.rs:185:49
    |
185 |             .find_map(|(i, w)| if w == needle { Some(i) } else { None })
    |                                                 ^^^^ not found in this scope
    |
help: consider importing this tuple variant
    |
163 +     use core::option::Option::Some;
    |

error[E0425]: cannot find value `None` in this scope
   --> third_party/memchr_simple/src/lib.rs:185:66
    |
185 |             .find_map(|(i, w)| if w == needle { Some(i) } else { None })
    |                                                                  ^^^^ not found in this scope
    |
help: consider importing this unit variant
    |
163 +     use core::option::Option::None;
    |

error[E0405]: cannot find trait `Iterator` in this scope
   --> third_party/memchr_simple/src/lib.rs:201:18
    |
201 |     impl<'h, 'n> Iterator for FindIter<'h, 'n> {
    |                  ^^^^^^^^ not found in this scope
    |
help: consider importing this trait
    |
163 +     use core::iter::Iterator;
    |

error[E0412]: cannot find type `Option` in this scope
   --> third_party/memchr_simple/src/lib.rs:203:31
    |
203 |         fn next(&mut self) -> Option<Self::Item> {
    |                               ^^^^^^ not found in this scope
    |
help: consider importing this enum
    |
163 +     use core::option::Option;
    |

error[E0425]: cannot find function, tuple struct or tuple variant `Some` in this scope
   --> third_party/memchr_simple/src/lib.rs:208:28
    |
208 |                     return Some(i);
    |                            ^^^^ not found in this scope
    |
help: consider importing this tuple variant
    |
163 +     use core::option::Option::Some;
    |

error[E0425]: cannot find value `None` in this scope
   --> third_party/memchr_simple/src/lib.rs:212:13
    |
212 |             None
    |             ^^^^ not found in this scope
    |
help: consider importing this unit variant
    |
163 +     use core::option::Option::None;
    |

error[E0405]: cannot find trait `Iterator` in this scope
   --> third_party/memchr_simple/src/lib.rs:229:18
    |
229 |     impl<'h, 'n> Iterator for RFindIter<'h, 'n> {
    |                  ^^^^^^^^ not found in this scope
    |
help: consider importing this trait
    |
163 +     use core::iter::Iterator;
    |

error[E0412]: cannot find type `Option` in this scope
   --> third_party/memchr_simple/src/lib.rs:231:31
    |
231 |         fn next(&mut self) -> Option<Self::Item> {
    |                               ^^^^^^ not found in this scope
    |
help: consider importing this enum
    |
163 +     use core::option::Option;
    |

error[E0425]: cannot find function, tuple struct or tuple variant `Some` in this scope
   --> third_party/memchr_simple/src/lib.rs:236:28
    |
236 |                     return Some(i);
    |                            ^^^^ not found in this scope
    |
help: consider importing this tuple variant
    |
163 +     use core::option::Option::Some;
    |

error[E0425]: cannot find value `None` in this scope
   --> third_party/memchr_simple/src/lib.rs:241:13
    |
241 |             None
    |             ^^^^ not found in this scope
    |
help: consider importing this unit variant
    |
163 +     use core::option::Option::None;
    |

error[E0405]: cannot find trait `Sized` in this scope
   --> third_party/memchr_simple/src/lib.rs:251:24
    |
251 |         pub fn new<B: ?Sized + AsRef<[u8]>>(needle: &'n B) -> Finder<'n> {
    |                        ^^^^^ not found in this scope
    |
help: consider importing this trait
    |
163 +     use core::marker::Sized;
    |

error[E0405]: cannot find trait `AsRef` in this scope
   --> third_party/memchr_simple/src/lib.rs:251:32
    |
251 |         pub fn new<B: ?Sized + AsRef<[u8]>>(needle: &'n B) -> Finder<'n> {
    |                                ^^^^^ not found in this scope
    |
help: consider importing this trait
    |
163 +     use core::convert::AsRef;
    |

error[E0412]: cannot find type `Option` in this scope
   --> third_party/memchr_simple/src/lib.rs:255:48
    |
255 |         pub fn find(&self, haystack: &[u8]) -> Option<usize> {
    |                                                ^^^^^^ not found in this scope
    |
help: consider importing this enum
    |
163 +     use core::option::Option;
    |

error[E0412]: cannot find type `Option` in this scope
   --> third_party/memchr_simple/src/lib.rs:263:49
    |
263 |         pub fn rfind(&self, haystack: &[u8]) -> Option<usize> {
    |                                                 ^^^^^^ not found in this scope
    |
help: consider importing this enum
    |
163 +     use core::option::Option;
    |

error[E0405]: cannot find trait `Sized` in this scope
   --> third_party/memchr_simple/src/lib.rs:276:39
    |
276 |     pub fn find_iter<'h, 'n, N: 'n + ?Sized + AsRef<[u8]>>(
    |                                       ^^^^^ not found in this scope
    |
help: consider importing this trait
    |
163 +     use core::marker::Sized;
    |

error[E0405]: cannot find trait `AsRef` in this scope
   --> third_party/memchr_simple/src/lib.rs:276:47
    |
276 |     pub fn find_iter<'h, 'n, N: 'n + ?Sized + AsRef<[u8]>>(
    |                                               ^^^^^ not found in this scope
    |
help: consider importing this trait
    |
163 +     use core::convert::AsRef;
    |

error[E0405]: cannot find trait `Sized` in this scope
   --> third_party/memchr_simple/src/lib.rs:283:40
    |
283 |     pub fn rfind_iter<'h, 'n, N: 'n + ?Sized + AsRef<[u8]>>(
    |                                        ^^^^^ not found in this scope
    |
help: consider importing this trait
    |
163 +     use core::marker::Sized;
    |

error[E0405]: cannot find trait `AsRef` in this scope
   --> third_party/memchr_simple/src/lib.rs:283:48
    |
283 |     pub fn rfind_iter<'h, 'n, N: 'n + ?Sized + AsRef<[u8]>>(
    |                                                ^^^^^ not found in this scope
    |
help: consider importing this trait
    |
163 +     use core::convert::AsRef;
    |

error: relaxing a default bound only does something for `?Sized`; all other traits are not bound by default
   --> third_party/memchr_simple/src/lib.rs:276:38
    |
276 |     pub fn find_iter<'h, 'n, N: 'n + ?Sized + AsRef<[u8]>>(
    |                                      ^^^^^^

error: relaxing a default bound only does something for `?Sized`; all other traits are not bound by default
   --> third_party/memchr_simple/src/lib.rs:283:39
    |
283 |     pub fn rfind_iter<'h, 'n, N: 'n + ?Sized + AsRef<[u8]>>(
    |                                       ^^^^^^

Some errors have detailed explanations: E0405, E0412, E0425, E0463.
For more information about an error, try `rustc --explain E0405`.
error: could not compile `memchr` (lib) due to 56 previous errors
warning: build failed, waiting for other jobs to finish...
   Compiling proc-macro2 v1.0.95
   Compiling unicode-ident v1.0.18
   Compiling typenum v1.18.0
   Compiling version_check v0.9.5
   Compiling stable_deref_trait v1.2.0
   Compiling autocfg v1.5.0
   Compiling generic-array v0.14.7
   Compiling subtle v2.6.1
   Compiling serde v1.0.219
   Compiling libc v0.2.174
   Compiling cfg-if v1.0.1
   Compiling writeable v0.6.1
   Compiling quote v1.0.40
   Compiling litemap v0.8.0
   Compiling syn v2.0.104
   Compiling libm v0.2.15
   Compiling crypto-common v0.1.6
   Compiling memchr v2.7.5 (/workspace/cohesix/third_party/memchr_simple)
   Compiling semver v1.0.26
   Compiling icu_properties_data v2.0.1
   Compiling icu_normalizer_data v2.0.0
   Compiling cpufeatures v0.2.17
   Compiling block-buffer v0.10.4
   Compiling num-traits v0.2.19
   Compiling digest v0.10.7
   Compiling smallvec v1.15.1
   Compiling utf8parse v0.2.2
   Compiling log v0.4.27
   Compiling rustix v0.38.44
   Compiling anstyle-parse v0.2.7
   Compiling rustc_version v0.4.1
   Compiling aho-corasick v1.1.3
   Compiling inout v0.1.4
   Compiling lock_api v0.4.13
   Compiling anstyle-query v1.1.3
   Compiling equivalent v1.0.2
   Compiling bitflags v2.9.1
   Compiling paste v1.0.15
   Compiling linux-raw-sys v0.4.15
   Compiling anstyle v1.0.11
   Compiling colorchoice v1.0.4
   Compiling regex-syntax v0.8.5
   Compiling hashbrown v0.15.4
   Compiling synstructure v0.13.2
   Compiling is_terminal_polyfill v1.70.1
   Compiling anstream v0.6.19
   Compiling regex-automata v0.4.9
   Compiling zerofrom-derive v0.1.6
   Compiling zerofrom v0.1.6
   Compiling yoke-derive v0.8.0
   Compiling zerovec-derive v0.11.1
   Compiling yoke v0.8.0
   Compiling displaydoc v0.2.5
   Compiling zerovec v0.11.2
   Compiling serde_derive v1.0.219
   Compiling tinystr v0.8.1
   Compiling icu_locale_core v2.0.0
   Compiling potential_utf v0.1.2
   Compiling zerotrie v0.2.2
   Compiling icu_provider v2.0.0
   Compiling icu_collections v2.0.0
   Compiling icu_normalizer v2.0.0
   Compiling icu_properties v2.0.1
   Compiling idna_adapter v1.2.1
   Compiling indexmap v2.10.0
   Compiling cipher v0.4.4
   Compiling curve25519-dalek v4.1.3
   Compiling universal-hash v0.5.1
   Compiling serde_json v1.0.140
   Compiling percent-encoding v2.3.1
   Compiling scopeguard v1.2.0
   Compiling opaque-debug v0.3.1
   Compiling home v0.5.11
   Compiling byteorder v1.5.0
   Compiling itoa v1.0.15
   Compiling utf8_iter v1.0.4
   Compiling either v1.15.0
   Compiling ryu v1.0.20
   Compiling idna v1.0.3
   Compiling polyval v0.6.2
   Compiling form_urlencoded v1.2.1
   Compiling which v5.0.0
   Compiling toml_datetime v0.6.11
   Compiling serde_spanned v0.6.9
   Compiling regex v1.11.1
   Compiling once_cell v1.21.3
   Compiling toml_write v0.1.2
   Compiling winnow v0.7.11
   Compiling clap_lex v0.7.5
   Compiling signature v2.2.0
   Compiling heck v0.5.0
   Compiling thiserror v1.0.69
   Compiling strsim v0.11.1
   Compiling zune-core v0.4.12
   Compiling zune-jpeg v0.4.19
   Compiling toml_edit v0.22.27
   Compiling clap_builder v4.5.40
   Compiling clap_derive v4.5.40
   Compiling ed25519 v2.2.3
   Compiling env_filter v0.1.3
   Compiling rmp v0.8.14
   Compiling cohesix v0.1.0 (/workspace/cohesix)
   Compiling spin v0.9.8
   Compiling url v2.5.4
   Compiling ghash v0.5.1
   Compiling aes v0.8.4
   Compiling ctr v0.9.2
   Compiling thiserror-impl v1.0.69
   Compiling hmac v0.12.1
   Compiling sha2 v0.10.9
   Compiling aead v0.5.2
   Compiling digest v0.9.0
   Compiling zeroize v1.3.0
   Compiling iana-time-zone v0.1.63
   Compiling fiat-crypto v0.1.20
   Compiling ascii v1.1.0
   Compiling jiff v0.2.15
   Compiling zero v0.1.3
   Compiling base64 v0.22.1
   Compiling rand_core v0.5.1
   Compiling bytemuck v1.23.1
   Compiling chunked_transfer v1.5.0
   Compiling byteorder-lite v0.1.0
   Compiling unsafe-libyaml v0.2.11
   Compiling httpdate v1.0.3
   Compiling tiny_http v0.12.0
   Compiling curve25519-dalek v3.2.1
   Compiling env_logger v0.11.8
   Compiling serde_yaml v0.9.34+deprecated
   Compiling image v0.25.6
   Compiling ureq v2.12.1
   Compiling xmas-elf v0.10.0
   Compiling ninep v0.3.0 (/workspace/cohesix/third_party/ninep_portable)
   Compiling chrono v0.4.41
   Compiling ed25519-dalek v2.1.1
   Compiling aes-gcm v0.10.3
   Compiling hkdf v0.12.4
   Compiling cohesix-9p v0.1.0 (/workspace/cohesix/cohesix-9p)
   Compiling clap v4.5.40
   Compiling rmp-serde v1.3.0
   Compiling toml v0.8.23
   Compiling libloading v0.7.4
   Compiling hex v0.4.3
error[E0433]: failed to resolve: use of unresolved module or unlinked crate `cohesix`
  --> src/kernel/main.rs:12:5
   |
12 | use cohesix::kernel::config;
   |     ^^^^^^^ use of unresolved module or unlinked crate `cohesix`
   |
   = help: if you wanted to use a crate named `cohesix`, use `cargo add cohesix` to add it to your `Cargo.toml`

error[E0432]: unresolved import `cohesix`
  --> src/kernel/main.rs:13:5
   |
13 | use cohesix::coherr;
   |     ^^^^^^^ use of unresolved module or unlinked crate `cohesix`
   |
   = help: if you wanted to use a crate named `cohesix`, use `cargo add cohesix` to add it to your `Cargo.toml`

error: `#[panic_handler]` function required, but not found

Some errors have detailed explanations: E0432, E0433.
For more information about an error, try `rustc --explain E0432`.
error: could not compile `cohesix` (bin "kernel") due to 3 previous errors
   Compiling cohesix v0.1.0 (/workspace/cohesix)
error[E0433]: failed to resolve: use of unresolved module or unlinked crate `cohesix`
 --> src/userbin/logdemo.rs:9:5
  |
9 | use cohesix::kernel::user_api::{SYS_EXIT, SYS_LOG};
  |     ^^^^^^^ use of unresolved module or unlinked crate `cohesix`
  |
  = help: if you wanted to use a crate named `cohesix`, use `cargo add cohesix` to add it to your `Cargo.toml`

For more information about this error, try `rustc --explain E0433`.
error: could not compile `cohesix` (bin "logdemo") due to 1 previous error
   Compiling proc-macro2 v1.0.95
   Compiling unicode-ident v1.0.18
   Compiling typenum v1.18.0
   Compiling version_check v0.9.5
   Compiling stable_deref_trait v1.2.0
   Compiling autocfg v1.5.0
   Compiling generic-array v0.14.7
   Compiling subtle v2.6.1
   Compiling serde v1.0.219
   Compiling libc v0.2.174
   Compiling quote v1.0.40
   Compiling litemap v0.8.0
   Compiling syn v2.0.104
   Compiling writeable v0.6.1
   Compiling cfg-if v1.0.1
   Compiling crypto-common v0.1.6
   Compiling memchr v2.7.5 (/workspace/cohesix/third_party/memchr_simple)
   Compiling semver v1.0.26
   Compiling libm v0.2.15
   Compiling icu_normalizer_data v2.0.0
   Compiling icu_properties_data v2.0.1
   Compiling cpufeatures v0.2.17
   Compiling block-buffer v0.10.4
   Compiling num-traits v0.2.19
   Compiling digest v0.10.7
   Compiling log v0.4.27
   Compiling smallvec v1.15.1
   Compiling utf8parse v0.2.2
   Compiling rustix v0.38.44
   Compiling anstyle-parse v0.2.7
   Compiling rustc_version v0.4.1
   Compiling aho-corasick v1.1.3
   Compiling inout v0.1.4
   Compiling lock_api v0.4.13
   Compiling bitflags v2.9.1
   Compiling regex-syntax v0.8.5
   Compiling anstyle v1.0.11
   Compiling is_terminal_polyfill v1.70.1
   Compiling linux-raw-sys v0.4.15
   Compiling synstructure v0.13.2
   Compiling anstyle-query v1.1.3
   Compiling hashbrown v0.15.4
   Compiling colorchoice v1.0.4
   Compiling paste v1.0.15
   Compiling equivalent v1.0.2
   Compiling zerofrom-derive v0.1.6
   Compiling yoke-derive v0.8.0
   Compiling zerovec-derive v0.11.1
   Compiling displaydoc v0.2.5
   Compiling zerofrom v0.1.6
   Compiling yoke v0.8.0
   Compiling serde_derive v1.0.219
   Compiling zerotrie v0.2.2
   Compiling zerovec v0.11.2
   Compiling indexmap v2.10.0
   Compiling anstream v0.6.19
   Compiling tinystr v0.8.1
   Compiling icu_locale_core v2.0.0
   Compiling potential_utf v0.1.2
   Compiling icu_collections v2.0.0
   Compiling icu_provider v2.0.0
   Compiling regex-automata v0.4.9
   Compiling icu_properties v2.0.1
   Compiling icu_normalizer v2.0.0
   Compiling idna_adapter v1.2.1
   Compiling cipher v0.4.4
   Compiling curve25519-dalek v4.1.3
   Compiling universal-hash v0.5.1
   Compiling either v1.15.0
   Compiling home v0.5.11
   Compiling byteorder v1.5.0
   Compiling percent-encoding v2.3.1
   Compiling opaque-debug v0.3.1
   Compiling scopeguard v1.2.0
   Compiling ryu v1.0.20
   Compiling itoa v1.0.15
   Compiling utf8_iter v1.0.4
   Compiling serde_json v1.0.140
   Compiling idna v1.0.3
   Compiling which v5.0.0
   Compiling polyval v0.6.2
   Compiling form_urlencoded v1.2.1
   Compiling toml_datetime v0.6.11
   Compiling serde_spanned v0.6.9
   Compiling regex v1.11.1
   Compiling strsim v0.11.1
   Compiling heck v0.5.0
   Compiling winnow v0.7.11
   Compiling toml_write v0.1.2
   Compiling thiserror v1.0.69
   Compiling once_cell v1.21.3
   Compiling zune-core v0.4.12
   Compiling signature v2.2.0
   Compiling clap_lex v0.7.5
   Compiling ed25519 v2.2.3
   Compiling clap_builder v4.5.40
   Compiling zune-jpeg v0.4.19
   Compiling toml_edit v0.22.27
   Compiling clap_derive v4.5.40
   Compiling rmp v0.8.14
   Compiling env_filter v0.1.3
   Compiling url v2.5.4
   Compiling ghash v0.5.1
   Compiling cohesix v0.1.0 (/workspace/cohesix)
   Compiling spin v0.9.8
   Compiling ctr v0.9.2
   Compiling aes v0.8.4
   Compiling thiserror-impl v1.0.69
   Compiling hmac v0.12.1
   Compiling sha2 v0.10.9
   Compiling aead v0.5.2
   Compiling digest v0.9.0
   Compiling rand_core v0.5.1
   Compiling iana-time-zone v0.1.63
   Compiling zeroize v1.3.0
   Compiling fiat-crypto v0.1.20
   Compiling ascii v1.1.0
   Compiling base64 v0.22.1
   Compiling httpdate v1.0.3
   Compiling chunked_transfer v1.5.0
   Compiling bytemuck v1.23.1
   Compiling byteorder-lite v0.1.0
   Compiling zero v0.1.3
   Compiling jiff v0.2.15
   Compiling unsafe-libyaml v0.2.11
   Compiling image v0.25.6
   Compiling serde_yaml v0.9.34+deprecated
   Compiling curve25519-dalek v3.2.1
   Compiling env_logger v0.11.8
   Compiling xmas-elf v0.10.0
   Compiling tiny_http v0.12.0
   Compiling ureq v2.12.1
   Compiling chrono v0.4.41
   Compiling ninep v0.3.0 (/workspace/cohesix/third_party/ninep_portable)
   Compiling aes-gcm v0.10.3
   Compiling ed25519-dalek v2.1.1
   Compiling hkdf v0.12.4
   Compiling cohesix-9p v0.1.0 (/workspace/cohesix/cohesix-9p)
   Compiling rmp-serde v1.3.0
   Compiling toml v0.8.23
   Compiling clap v4.5.40
   Compiling libloading v0.7.4
   Compiling hex v0.4.3
error[E0433]: failed to resolve: use of unresolved module or unlinked crate `cohesix`
  --> src/init/main.rs:11:9
   |
11 |     use cohesix::runtime::env::init::{initialize_runtime_env, parse_boot_args};
   |         ^^^^^^^ use of unresolved module or unlinked crate `cohesix`
   |
   = help: if you wanted to use a crate named `cohesix`, use `cargo add cohesix` to add it to your `Cargo.toml`

error[E0433]: failed to resolve: use of unresolved module or unlinked crate `cohesix`
  --> src/init/main.rs:12:9
   |
12 |     use cohesix::runtime::role_config::load_active;
   |         ^^^^^^^ use of unresolved module or unlinked crate `cohesix`
   |
   = help: if you wanted to use a crate named `cohesix`, use `cargo add cohesix` to add it to your `Cargo.toml`

error[E0433]: failed to resolve: use of unresolved module or unlinked crate `cohesix`
  --> src/init/main.rs:13:9
   |
13 |     use cohesix::runtime::ServiceRegistry;
   |         ^^^^^^^ use of unresolved module or unlinked crate `cohesix`
   |
   = help: if you wanted to use a crate named `cohesix`, use `cargo add cohesix` to add it to your `Cargo.toml`

error[E0433]: failed to resolve: use of unresolved module or unlinked crate `cohesix`
  --> src/init/main.rs:43:21
   |
43 |     if let Err(e) = cohesix::cli::run() {
   |                     ^^^^^^^ use of unresolved module or unlinked crate `cohesix`
   |
   = help: if you wanted to use a crate named `cohesix`, use `cargo add cohesix` to add it to your `Cargo.toml`

error[E0433]: failed to resolve: use of unresolved module or unlinked crate `cohesix`
  --> src/init/main.rs:46:5
   |
46 |     cohesix::sh_loop::run();
   |     ^^^^^^^ use of unresolved module or unlinked crate `cohesix`
   |
   = help: if you wanted to use a crate named `cohesix`, use `cargo add cohesix` to add it to your `Cargo.toml`

For more information about this error, try `rustc --explain E0433`.
error: could not compile `cohesix` (bin "init") due to 5 previous errors
   Compiling proc-macro2 v1.0.95
   Compiling unicode-ident v1.0.18
   Compiling typenum v1.18.0
   Compiling version_check v0.9.5
   Compiling stable_deref_trait v1.2.0
   Compiling autocfg v1.5.0
   Compiling generic-array v0.14.7
   Compiling subtle v2.6.1
   Compiling serde v1.0.219
   Compiling libc v0.2.174
   Compiling writeable v0.6.1
   Compiling quote v1.0.40
   Compiling litemap v0.8.0
   Compiling syn v2.0.104
   Compiling cfg-if v1.0.1
   Compiling icu_properties_data v2.0.1
   Compiling libm v0.2.15
   Compiling crypto-common v0.1.6
   Compiling memchr v2.7.5 (/workspace/cohesix/third_party/memchr_simple)
   Compiling icu_normalizer_data v2.0.0
   Compiling semver v1.0.26
   Compiling block-buffer v0.10.4
   Compiling cpufeatures v0.2.17
   Compiling num-traits v0.2.19
   Compiling digest v0.10.7
   Compiling utf8parse v0.2.2
   Compiling rustix v0.38.44
   Compiling log v0.4.27
   Compiling smallvec v1.15.1
   Compiling anstyle-parse v0.2.7
   Compiling rustc_version v0.4.1
   Compiling aho-corasick v1.1.3
   Compiling inout v0.1.4
   Compiling lock_api v0.4.13
   Compiling colorchoice v1.0.4
   Compiling regex-syntax v0.8.5
   Compiling anstyle-query v1.1.3
   Compiling anstyle v1.0.11
   Compiling hashbrown v0.15.4
   Compiling synstructure v0.13.2
   Compiling equivalent v1.0.2
   Compiling bitflags v2.9.1
   Compiling linux-raw-sys v0.4.15
   Compiling paste v1.0.15
   Compiling zerofrom-derive v0.1.6
   Compiling yoke-derive v0.8.0
   Compiling zerovec-derive v0.11.1
   Compiling displaydoc v0.2.5
   Compiling zerofrom v0.1.6
   Compiling yoke v0.8.0
   Compiling serde_derive v1.0.219
   Compiling zerotrie v0.2.2
   Compiling zerovec v0.11.2
   Compiling is_terminal_polyfill v1.70.1
   Compiling anstream v0.6.19
   Compiling tinystr v0.8.1
   Compiling icu_locale_core v2.0.0
   Compiling potential_utf v0.1.2
   Compiling icu_collections v2.0.0
   Compiling icu_provider v2.0.0
   Compiling icu_properties v2.0.1
   Compiling icu_normalizer v2.0.0
   Compiling idna_adapter v1.2.1
   Compiling indexmap v2.10.0
   Compiling regex-automata v0.4.9
   Compiling cipher v0.4.4
   Compiling curve25519-dalek v4.1.3
   Compiling universal-hash v0.5.1
   Compiling home v0.5.11
   Compiling scopeguard v1.2.0
   Compiling percent-encoding v2.3.1
   Compiling opaque-debug v0.3.1
   Compiling either v1.15.0
   Compiling ryu v1.0.20
   Compiling utf8_iter v1.0.4
   Compiling itoa v1.0.15
   Compiling byteorder v1.5.0
   Compiling serde_json v1.0.140
   Compiling idna v1.0.3
   Compiling which v5.0.0
   Compiling form_urlencoded v1.2.1
   Compiling polyval v0.6.2
   Compiling serde_spanned v0.6.9
   Compiling toml_datetime v0.6.11
   Compiling once_cell v1.21.3
   Compiling winnow v0.7.11
   Compiling toml_write v0.1.2
   Compiling thiserror v1.0.69
   Compiling strsim v0.11.1
   Compiling regex v1.11.1
   Compiling signature v2.2.0
   Compiling clap_lex v0.7.5
   Compiling heck v0.5.0
   Compiling zune-core v0.4.12
   Compiling clap_derive v4.5.40
   Compiling zune-jpeg v0.4.19
   Compiling clap_builder v4.5.40
   Compiling toml_edit v0.22.27
   Compiling ed25519 v2.2.3
   Compiling env_filter v0.1.3
   Compiling rmp v0.8.14
   Compiling spin v0.9.8
   Compiling url v2.5.4
   Compiling ghash v0.5.1
   Compiling cohesix v0.1.0 (/workspace/cohesix)
   Compiling ctr v0.9.2
   Compiling aes v0.8.4
   Compiling thiserror-impl v1.0.69
   Compiling sha2 v0.10.9
   Compiling hmac v0.12.1
   Compiling aead v0.5.2
   Compiling digest v0.9.0
   Compiling fiat-crypto v0.1.20
   Compiling chunked_transfer v1.5.0
   Compiling zero v0.1.3
   Compiling jiff v0.2.15
   Compiling unsafe-libyaml v0.2.11
   Compiling bytemuck v1.23.1
   Compiling byteorder-lite v0.1.0
   Compiling ascii v1.1.0
   Compiling iana-time-zone v0.1.63
   Compiling base64 v0.22.1
   Compiling zeroize v1.3.0
   Compiling rand_core v0.5.1
   Compiling httpdate v1.0.3
   Compiling tiny_http v0.12.0
   Compiling ureq v2.12.1
   Compiling curve25519-dalek v3.2.1
   Compiling env_logger v0.11.8
   Compiling chrono v0.4.41
   Compiling image v0.25.6
   Compiling serde_yaml v0.9.34+deprecated
   Compiling xmas-elf v0.10.0
   Compiling ninep v0.3.0 (/workspace/cohesix/third_party/ninep_portable)
   Compiling hkdf v0.12.4
   Compiling aes-gcm v0.10.3
   Compiling ed25519-dalek v2.1.1
   Compiling cohesix-9p v0.1.0 (/workspace/cohesix/cohesix-9p)
   Compiling toml v0.8.23
   Compiling rmp-serde v1.3.0
   Compiling clap v4.5.40
   Compiling libloading v0.7.4
   Compiling hex v0.4.3
error[E0463]: can't find crate for `cohesix`
 --> src/coh_cc/main.rs:7:1
  |
7 | extern crate cohesix;
  | ^^^^^^^^^^^^^^^^^^^^^ can't find crate

warning: unused import: `clap::Parser`
 --> src/coh_cc/main.rs:6:5
  |
6 | use clap::Parser;
  |     ^^^^^^^^^^^^
  |
  = note: `#[warn(unused_imports)]` on by default

For more information about this error, try `rustc --explain E0463`.
warning: `cohesix` (bin "cohcc") generated 1 warning
error: could not compile `cohesix` (bin "cohcc") due to 1 previous error; 1 warning emitted
 Downloading crates ...
  Downloaded anes v0.1.6
  Downloaded cast v0.3.0
  Downloaded criterion-plot v0.5.0
  Downloaded ciborium v0.2.2
  Downloaded crossbeam-utils v0.8.21
  Downloaded futures-channel v0.3.31
  Downloaded futures-io v0.3.31
  Downloaded is-terminal v0.4.16
  Downloaded futures-util v0.3.31
  Downloaded oorandom v11.1.5
  Downloaded pin-project-lite v0.2.16
  Downloaded pin-utils v0.1.0
  Downloaded rayon-core v1.12.1
  Downloaded slab v0.4.10
  Downloaded ciborium-io v0.2.2
  Downloaded crossbeam-epoch v0.9.18
  Downloaded futures-core v0.3.31
  Downloaded futures-task v0.3.31
  Downloaded itertools v0.10.5
  Downloaded parking_lot_core v0.9.11
  Downloaded plotters-svg v0.3.7
  Downloaded serial_test_derive v2.0.0
  Downloaded ciborium-ll v0.2.2
  Downloaded futures v0.3.31
  Downloaded half v2.6.0
  Downloaded parking_lot v0.12.4
  Downloaded rayon v1.10.0
  Downloaded walkdir v2.5.0
  Downloaded futures-executor v0.3.31
  Downloaded lazy_static v1.5.0
  Downloaded same-file v1.0.6
  Downloaded dashmap v5.5.3
  Downloaded plotters v0.3.7
  Downloaded crossbeam-deque v0.8.6
  Downloaded plotters-backend v0.3.7
  Downloaded tinytemplate v1.2.1
  Downloaded hashbrown v0.14.5
  Downloaded futures-sink v0.3.31
   Compiling typenum v1.18.0
   Compiling generic-array v0.14.7
   Compiling serde v1.0.219
   Compiling libm v0.2.15
   Compiling icu_normalizer_data v2.0.0
   Compiling icu_properties_data v2.0.1
   Compiling num-traits v0.2.19
   Compiling lock_api v0.4.13
   Compiling serde_json v1.0.140
   Compiling cfg-if v1.0.1
   Compiling curve25519-dalek v4.1.3
   Compiling zerofrom v0.1.6
   Compiling curve25519-dalek-derive v0.1.1
   Compiling stable_deref_trait v1.2.0
   Compiling yoke v0.8.0
   Compiling memchr v2.7.5 (/workspace/cohesix/third_party/memchr_simple)
   Compiling thiserror v1.0.69
   Compiling cohesix v0.1.0 (/workspace/cohesix)
   Compiling zerovec v0.11.2
   Compiling crypto-common v0.1.6
   Compiling subtle v2.6.1
   Compiling smallvec v1.15.1
   Compiling writeable v0.6.1
   Compiling tinystr v0.8.1
   Compiling litemap v0.8.0
   Compiling libc v0.2.174
   Compiling icu_locale_core v2.0.0
   Compiling potential_utf v0.1.2
   Compiling zerotrie v0.2.2
   Compiling cpufeatures v0.2.17
   Compiling crossbeam-utils v0.8.21
   Compiling icu_provider v2.0.0
   Compiling icu_collections v2.0.0
   Compiling block-buffer v0.10.4
   Compiling utf8parse v0.2.2
   Compiling scopeguard v1.2.0
   Compiling log v0.4.27
   Compiling anstyle-parse v0.2.7
   Compiling digest v0.10.7
   Compiling aho-corasick v1.1.3
   Compiling futures-core v0.3.31
   Compiling once_cell v1.21.3
   Compiling regex-syntax v0.8.5
   Compiling itoa v1.0.15
   Compiling colorchoice v1.0.4
   Compiling ryu v1.0.20
   Compiling futures-sink v0.3.31
   Compiling is_terminal_polyfill v1.70.1
   Compiling anstyle v1.0.11
   Compiling parking_lot_core v0.9.11
   Compiling anstyle-query v1.1.3
   Compiling anstream v0.6.19
   Compiling futures-channel v0.3.31
   Compiling icu_normalizer v2.0.0
   Compiling icu_properties v2.0.1
   Compiling regex-automata v0.4.9
   Compiling crossbeam-epoch v0.9.18
   Compiling inout v0.1.4
   Compiling rayon-core v1.12.1
   Compiling equivalent v1.0.2
   Compiling pin-utils v0.1.0
   Compiling either v1.15.0
   Compiling slab v0.4.10
   Compiling futures-io v0.3.31
   Compiling futures-task v0.3.31
   Compiling pin-project-lite v0.2.16
   Compiling hashbrown v0.15.4
   Compiling indexmap v2.10.0
   Compiling futures-util v0.3.31
   Compiling regex v1.11.1
   Compiling cipher v0.4.4
   Compiling crossbeam-deque v0.8.6
   Compiling idna_adapter v1.2.1
   Compiling universal-hash v0.5.1
   Compiling half v2.6.0
   Compiling percent-encoding v2.3.1
   Compiling ciborium-io v0.2.2
   Compiling plotters-backend v0.3.7
   Compiling byteorder v1.5.0
   Compiling utf8_iter v1.0.4
   Compiling clap_lex v0.7.5
   Compiling opaque-debug v0.3.1
   Compiling strsim v0.11.1
   Compiling clap_builder v4.5.40
   Compiling polyval v0.6.2
   Compiling idna v1.0.3
   Compiling plotters-svg v0.3.7
   Compiling ciborium-ll v0.2.2
   Compiling form_urlencoded v1.2.1
   Compiling futures-executor v0.3.31
   Compiling itertools v0.10.5
   Compiling toml_datetime v0.6.11
   Compiling serde_spanned v0.6.9
   Compiling hashbrown v0.14.5
   Compiling cast v0.3.0
   Compiling same-file v1.0.6
   Compiling winnow v0.7.11
   Compiling zune-core v0.4.12
   Compiling toml_write v0.1.2
   Compiling signature v2.2.0
   Compiling toml_edit v0.22.27
   Compiling ed25519 v2.2.3
   Compiling zune-jpeg v0.4.19
   Compiling dashmap v5.5.3
   Compiling walkdir v2.5.0
   Compiling criterion-plot v0.5.0
   Compiling rayon v1.10.0
   Compiling futures v0.3.31
   Compiling url v2.5.4
   Compiling ciborium v0.2.2
   Compiling plotters v0.3.7
   Compiling clap v4.5.40
   Compiling ghash v0.5.1
   Compiling rmp v0.8.14
   Compiling tinytemplate v1.2.1
   Compiling parking_lot v0.12.4
   Compiling aes v0.8.4
   Compiling ctr v0.9.2
   Compiling env_filter v0.1.3
   Compiling sha2 v0.10.9
   Compiling hmac v0.12.1
   Compiling spin v0.9.8
   Compiling is-terminal v0.4.16
   Compiling aead v0.5.2
   Compiling digest v0.9.0
   Compiling serial_test_derive v2.0.0
   Compiling zeroize v1.3.0
   Compiling rand_core v0.5.1
   Compiling byteorder-lite v0.1.0
   Compiling base64 v0.22.1
   Compiling ascii v1.1.0
   Compiling bitflags v2.9.1
   Compiling bytemuck v1.23.1
   Compiling lazy_static v1.5.0
   Compiling httpdate v1.0.3
   Compiling unsafe-libyaml v0.2.11
   Compiling zero v0.1.3
   Compiling anes v0.1.6
   Compiling iana-time-zone v0.1.63
   Compiling fiat-crypto v0.1.20
   Compiling jiff v0.2.15
   Compiling chunked_transfer v1.5.0
   Compiling oorandom v11.1.5
   Compiling criterion v0.5.1
   Compiling tiny_http v0.12.0
   Compiling curve25519-dalek v3.2.1
   Compiling env_logger v0.11.8
   Compiling chrono v0.4.41
   Compiling serde_yaml v0.9.34+deprecated
   Compiling xmas-elf v0.10.0
   Compiling image v0.25.6
   Compiling serial_test v2.0.0
   Compiling ninep v0.3.0 (/workspace/cohesix/third_party/ninep_portable)
   Compiling ureq v2.12.1
   Compiling aes-gcm v0.10.3
   Compiling ed25519-dalek v2.1.1
   Compiling cohesix-9p v0.1.0 (/workspace/cohesix/cohesix-9p)
   Compiling hkdf v0.12.4
   Compiling rmp-serde v1.3.0
   Compiling toml v0.8.23
   Compiling libloading v0.7.4
   Compiling hex v0.4.3
error[E0433]: failed to resolve: use of unresolved module or unlinked crate `cohesix`
  --> src/bin/cohesix_root.rs:14:5
   |
14 | use cohesix::{println, sh_loop::run};
   |     ^^^^^^^ use of unresolved module or unlinked crate `cohesix`
   |
   = help: if you wanted to use a crate named `cohesix`, use `cargo add cohesix` to add it to your `Cargo.toml`

error[E0432]: unresolved import `cohesix`
  --> src/bin/cohesix_root.rs:14:5
   |
14 | use cohesix::{println, sh_loop::run};
   |     ^^^^^^^ use of unresolved module or unlinked crate `cohesix`
   |
   = help: if you wanted to use a crate named `cohesix`, use `cargo add cohesix` to add it to your `Cargo.toml`

error: cannot find macro `coherr` in this scope
  --> src/bin/cohesix_root.rs:36:5
   |
36 |     coherr!("[root] panic");
   |     ^^^^^^

warning: unused import: `libm::sqrtf`
  --> src/bin/cohesix_root.rs:12:5
   |
12 | use libm::sqrtf;
   |     ^^^^^^^^^^^
   |
   = note: `#[warn(unused_imports)]` on by default

error[E0152]: found duplicate lang item `panic_impl`
  --> src/bin/cohesix_root.rs:35:1
   |
35 | / fn panic(_info: &PanicInfo) -> ! {
36 | |     coherr!("[root] panic");
37 | |     loop {
38 | |         core::hint::spin_loop();
39 | |     }
40 | | }
   | |_^
   |
   = note: the lang item is first defined in crate `std` (which `test` depends on)
   = note: first definition in `std` loaded from /root/.rustup/toolchains/stable-x86_64-unknown-linux-gnu/lib/rustlib/x86_64-unknown-linux-gnu/lib/libstd-769ac7a9899f22f3.so, /root/.rustup/toolchains/stable-x86_64-unknown-linux-gnu/lib/rustlib/x86_64-unknown-linux-gnu/lib/libstd-769ac7a9899f22f3.rlib
   = note: second definition in the local crate (`cohesix_root`)

Some errors have detailed explanations: E0152, E0432, E0433.
For more information about an error, try `rustc --explain E0152`.
warning: `cohesix` (bin "cohesix_root" test) generated 1 warning
error: could not compile `cohesix` (bin "cohesix_root" test) due to 4 previous errors; 1 warning emitted
warning: build failed, waiting for other jobs to finish...
\n=== REBUILD ===
   Compiling compiler_builtins v0.1.160 (/root/.rustup/toolchains/nightly-x86_64-unknown-linux-gnu/lib/rustlib/src/rust/library/compiler-builtins/compiler-builtins)
   Compiling core v0.0.0 (/root/.rustup/toolchains/nightly-x86_64-unknown-linux-gnu/lib/rustlib/src/rust/library/core)
   Compiling typenum v1.18.0
   Compiling version_check v0.9.5
   Compiling proc-macro2 v1.0.95
   Compiling generic-array v0.14.7
   Compiling autocfg v1.5.0
   Compiling unicode-ident v1.0.18
   Compiling semver v1.0.26
   Compiling rustix v0.38.44
   Compiling quote v1.0.40
   Compiling rustc_version v0.4.1
   Compiling syn v2.0.104
   Compiling lock_api v0.4.13
   Compiling bitflags v2.9.1
   Compiling serde v1.0.219
   Compiling linux-raw-sys v0.4.15
   Compiling libm v0.2.15
   Compiling curve25519-dalek v4.1.3
   Compiling num-traits v0.2.19
   Compiling either v1.15.0
   Compiling home v0.5.11
   Compiling paste v1.0.15
   Compiling serde_json v1.0.140
   Compiling thiserror v1.0.69
   Compiling serde_derive v1.0.219
   Compiling thiserror-impl v1.0.69
   Compiling which v5.0.0
   Compiling cohesix v0.1.0 (/workspace/cohesix)
   Compiling alloc v0.0.0 (/root/.rustup/toolchains/nightly-x86_64-unknown-linux-gnu/lib/rustlib/src/rust/library/alloc)
   Compiling subtle v2.6.1
   Compiling cfg-if v1.0.1
   Compiling cpufeatures v0.2.17
   Compiling scopeguard v1.2.0
   Compiling opaque-debug v0.3.1
   Compiling signature v2.2.0
   Compiling memchr v2.7.5 (/workspace/cohesix/third_party/memchr_simple)
   Compiling byteorder v1.5.0
   Compiling itoa v1.0.15
   Compiling ryu v1.0.20
   Compiling spin v0.9.8
   Compiling crypto-common v0.1.6
   Compiling block-buffer v0.10.4
   Compiling inout v0.1.4
   Compiling digest v0.10.7
   Compiling cipher v0.4.4
   Compiling universal-hash v0.5.1
   Compiling polyval v0.6.2
   Compiling ctr v0.9.2
   Compiling ghash v0.5.1
   Compiling aes v0.8.4
   Compiling sha2 v0.10.9
   Compiling hmac v0.12.1
   Compiling aead v0.5.2
   Compiling digest v0.9.0
   Compiling ed25519 v2.2.3
   Compiling log v0.4.27
   Compiling zero v0.1.3
   Compiling zeroize v1.3.0
   Compiling fiat-crypto v0.1.20
   Compiling rand_core v0.5.1
error[E0463]: can't find crate for `std`
  |
  = note: the `sel4-aarch64` target may not support the standard library
  = note: `std` is required by `fiat_crypto` because it does not declare `#![no_std]`
  = help: consider building the standard library from source with `cargo build -Zbuild-std`

   Compiling once_cell v1.21.3
error[E0463]: can't find crate for `std`
  |
  = note: the `sel4-aarch64` target may not support the standard library
  = note: `std` is required by `once_cell` because it does not declare `#![no_std]`
  = help: consider building the standard library from source with `cargo build -Zbuild-std`

error[E0463]: can't find crate for `std`
 --> /root/.cargo/registry/src/index.crates.io-1949cf8c6b5b557f/once_cell-1.21.3/src/imp_std.rs:6:5
  |
6 | use std::{
  |     ^^^ can't find crate
  |
  = note: the `sel4-aarch64` target may not support the standard library
  = help: consider building the standard library from source with `cargo build -Zbuild-std`

error: cannot find macro `panic` in this scope
   --> /root/.cargo/registry/src/index.crates.io-1949cf8c6b5b557f/once_cell-1.21.3/src/lib.rs:753:47
    |
753 |                 init.take().unwrap_or_else(|| panic!("Lazy instance has previously been poisoned"))
    |                                               ^^^^^
    |
help: consider importing this macro
    |
384 +     use core::panic;
    |

error: cannot find macro `panic` in this scope
   --> /root/.cargo/registry/src/index.crates.io-1949cf8c6b5b557f/once_cell-1.21.3/src/lib.rs:776:25
    |
776 |                 None => panic!("Lazy instance has previously been poisoned"),
    |                         ^^^^^
    |
help: consider importing this macro
    |
384 +     use core::panic;
    |

error: cannot find macro `panic` in this scope
   --> /root/.cargo/registry/src/index.crates.io-1949cf8c6b5b557f/once_cell-1.21.3/src/lib.rs:798:29
    |
798 |                     None => panic!("Lazy instance has previously been poisoned"),
    |                             ^^^^^
    |
help: consider importing this macro
    |
384 +     use core::panic;
    |

error: cannot find macro `unreachable` in this scope
   --> /root/.cargo/registry/src/index.crates.io-1949cf8c6b5b557f/once_cell-1.21.3/src/lib.rs:802:51
    |
802 |             this.cell.get_mut().unwrap_or_else(|| unreachable!())
    |                                                   ^^^^^^^^^^^
    |
help: consider importing this macro
    |
384 +     use core::unreachable;
    |

error: cannot find macro `panic` in this scope
    --> /root/.cargo/registry/src/index.crates.io-1949cf8c6b5b557f/once_cell-1.21.3/src/lib.rs:1289:47
     |
1289 |                 init.take().unwrap_or_else(|| panic!("Lazy instance has previously been poisoned"))
     |                                               ^^^^^
     |
help: consider importing this macro
     |
864  +     use core::panic;
     |

error: cannot find macro `panic` in this scope
    --> /root/.cargo/registry/src/index.crates.io-1949cf8c6b5b557f/once_cell-1.21.3/src/lib.rs:1311:25
     |
1311 |                 None => panic!("Lazy instance has previously been poisoned"),
     |                         ^^^^^
     |
help: consider importing this macro
     |
864  +     use core::panic;
     |

error: cannot find macro `panic` in this scope
    --> /root/.cargo/registry/src/index.crates.io-1949cf8c6b5b557f/once_cell-1.21.3/src/lib.rs:1331:29
     |
1331 |                     None => panic!("Lazy instance has previously been poisoned"),
     |                             ^^^^^
     |
help: consider importing this macro
     |
864  +     use core::panic;
     |

error: cannot find macro `unreachable` in this scope
    --> /root/.cargo/registry/src/index.crates.io-1949cf8c6b5b557f/once_cell-1.21.3/src/lib.rs:1335:51
     |
1335 |             this.cell.get_mut().unwrap_or_else(|| unreachable!())
     |                                                   ^^^^^^^^^^^
     |
help: consider importing this macro
     |
864  +     use core::unreachable;
     |

error: cannot find attribute `derive` in this scope
  --> /root/.cargo/registry/src/index.crates.io-1949cf8c6b5b557f/once_cell-1.21.3/src/imp_std.rs:13:3
   |
13 | #[derive(Debug)]
   |   ^^^^^^
   |
help: consider importing this attribute macro
   |
6  + use core::prelude::rust_2024::derive;
   |

error: cannot find macro `debug_assert` in this scope
   --> /root/.cargo/registry/src/index.crates.io-1949cf8c6b5b557f/once_cell-1.21.3/src/imp_std.rs:100:9
    |
100 |         debug_assert!(self.is_initialized());
    |         ^^^^^^^^^^^^
    |
help: consider importing this macro
    |
6   + use core::debug_assert;
    |

error: cannot find macro `assert_eq` in this scope
   --> /root/.cargo/registry/src/index.crates.io-1949cf8c6b5b557f/once_cell-1.21.3/src/imp_std.rs:155:9
    |
155 |         assert_eq!(state, RUNNING);
    |         ^^^^^^^^^
    |
help: consider importing this macro
    |
6   + use core::assert_eq;
    |

error: cannot find macro `debug_assert` in this scope
   --> /root/.cargo/registry/src/index.crates.io-1949cf8c6b5b557f/once_cell-1.21.3/src/imp_std.rs:205:18
    |
205 |             _ => debug_assert!(false),
    |                  ^^^^^^^^^^^^
    |
help: consider importing this macro
    |
6   + use core::debug_assert;
    |

error: cannot find macro `assert` in this scope
   --> /root/.cargo/registry/src/index.crates.io-1949cf8c6b5b557f/once_cell-1.21.3/src/lib.rs:634:13
    |
634 |             assert!(self.set(val).is_ok(), "reentrant init");
    |             ^^^^^^
    |
help: consider importing this macro
    |
384 +     use core::assert;
    |

error: cannot find macro `debug_assert` in this scope
   --> /root/.cargo/registry/src/index.crates.io-1949cf8c6b5b557f/once_cell-1.21.3/src/lib.rs:997:13
    |
997 |             debug_assert!(self.0.is_initialized());
    |             ^^^^^^^^^^^^
    |
help: consider importing this macro
    |
864 +     use core::debug_assert;
    |

error: cannot find macro `debug_assert` in this scope
    --> /root/.cargo/registry/src/index.crates.io-1949cf8c6b5b557f/once_cell-1.21.3/src/lib.rs:1164:13
     |
1164 |             debug_assert!(self.0.is_initialized());
     |             ^^^^^^^^^^^^
     |
help: consider importing this macro
     |
864  +     use core::debug_assert;
     |

error: cannot find attribute `derive` in this scope
  --> /root/.cargo/registry/src/index.crates.io-1949cf8c6b5b557f/once_cell-1.21.3/src/race.rs:42:3
   |
42 | #[derive(Default, Debug)]
   |   ^^^^^^
   |
help: consider importing this attribute macro
   |
30 + use core::prelude::rust_2024::derive;
   |

error: cannot find macro `assert` in this scope
  --> /root/.cargo/registry/src/index.crates.io-1949cf8c6b5b557f/once_cell-1.21.3/src/race.rs:79:17
   |
79 |                 assert!(align_of::<AtomicUsize>() % align_of::<usize>() == 0);
   |                 ^^^^^^
   |
help: consider importing this macro
   |
30 + use core::assert;
   |

error: cannot find attribute `derive` in this scope
   --> /root/.cargo/registry/src/index.crates.io-1949cf8c6b5b557f/once_cell-1.21.3/src/race.rs:166:3
    |
166 | #[derive(Default, Debug)]
    |   ^^^^^^
    |
help: consider importing this attribute macro
    |
30  + use core::prelude::rust_2024::derive;
    |

error: cannot find macro `write` in this scope
   --> /root/.cargo/registry/src/index.crates.io-1949cf8c6b5b557f/once_cell-1.21.3/src/race.rs:242:9
    |
242 |         write!(f, "OnceRef({:?})", self.inner)
    |         ^^^^^
    |
help: consider importing this macro
    |
30  + use core::write;
    |

error: cannot find macro `write` in this scope
   --> /root/.cargo/registry/src/index.crates.io-1949cf8c6b5b557f/once_cell-1.21.3/src/race.rs:368:13
    |
368 |             write!(f, "OnceBox({:?})", self.inner.load(Ordering::Relaxed))
    |             ^^^^^
    |
help: consider importing this macro
    |
355 +     use core::write;
    |

error[E0408]: variable `None` is not bound in all patterns
   --> /root/.cargo/registry/src/index.crates.io-1949cf8c6b5b557f/once_cell-1.21.3/src/imp_std.rs:201:34
    |
201 |             (INCOMPLETE, None) | (RUNNING, _) => {
    |                          ----    ^^^^^^^^^^^^ pattern doesn't bind `None`
    |                          |
    |                          variable not in all patterns
    |
help: if you meant to match on unit variant `core::option::Option::None`, use the full path in the pattern
    |
201 |             (INCOMPLETE, core::option::Option::None) | (RUNNING, _) => {
    |                          ++++++++++++++++++++++

error[E0412]: cannot find type `Option` in this scope
  --> /root/.cargo/registry/src/index.crates.io-1949cf8c6b5b557f/once_cell-1.21.3/src/imp_std.rs:24:23
   |
24 |     value: UnsafeCell<Option<T>>,
   |                       ^^^^^^ not found in this scope
   |
help: consider importing this enum
   |
6  + use core::option::Option;
   |

error[E0405]: cannot find trait `Sync` in this scope
  --> /root/.cargo/registry/src/index.crates.io-1949cf8c6b5b557f/once_cell-1.21.3/src/imp_std.rs:32:29
   |
32 | unsafe impl<T: Sync + Send> Sync for OnceCell<T> {}
   |                             ^^^^ not found in this scope
   |
help: consider importing this trait
   |
6  + use core::marker::Sync;
   |

error[E0405]: cannot find trait `Sync` in this scope
  --> /root/.cargo/registry/src/index.crates.io-1949cf8c6b5b557f/once_cell-1.21.3/src/imp_std.rs:32:16
   |
32 | unsafe impl<T: Sync + Send> Sync for OnceCell<T> {}
   |                ^^^^ not found in this scope
   |
help: consider importing this trait
   |
6  + use core::marker::Sync;
   |

error[E0405]: cannot find trait `Send` in this scope
  --> /root/.cargo/registry/src/index.crates.io-1949cf8c6b5b557f/once_cell-1.21.3/src/imp_std.rs:32:23
   |
32 | unsafe impl<T: Sync + Send> Sync for OnceCell<T> {}
   |                       ^^^^ not found in this scope
   |
help: consider importing this trait
   |
6  + use core::marker::Send;
   |

error[E0405]: cannot find trait `Send` in this scope
  --> /root/.cargo/registry/src/index.crates.io-1949cf8c6b5b557f/once_cell-1.21.3/src/imp_std.rs:33:22
   |
33 | unsafe impl<T: Send> Send for OnceCell<T> {}
   |                      ^^^^ not found in this scope
   |
help: consider importing this trait
   |
6  + use core::marker::Send;
   |

error[E0405]: cannot find trait `Send` in this scope
  --> /root/.cargo/registry/src/index.crates.io-1949cf8c6b5b557f/once_cell-1.21.3/src/imp_std.rs:33:16
   |
33 | unsafe impl<T: Send> Send for OnceCell<T> {}
   |                ^^^^ not found in this scope
   |
help: consider importing this trait
   |
6  + use core::marker::Send;
   |

error[E0425]: cannot find value `None` in this scope
  --> /root/.cargo/registry/src/index.crates.io-1949cf8c6b5b557f/once_cell-1.21.3/src/imp_std.rs:40:82
   |
40 |         OnceCell { queue: AtomicPtr::new(INCOMPLETE_PTR), value: UnsafeCell::new(None) }
   |                                                                                  ^^^^ not found in this scope
   |
help: consider importing this unit variant
   |
6  + use core::option::Option::None;
   |

error[E0425]: cannot find function, tuple struct or tuple variant `Some` in this scope
  --> /root/.cargo/registry/src/index.crates.io-1949cf8c6b5b557f/once_cell-1.21.3/src/imp_std.rs:44:80
   |
44 |         OnceCell { queue: AtomicPtr::new(COMPLETE_PTR), value: UnsafeCell::new(Some(value)) }
   |                                                                                ^^^^ not found in this scope
   |
help: consider importing this tuple variant
   |
6  + use core::option::Option::Some;
   |

error[E0405]: cannot find trait `FnOnce` in this scope
  --> /root/.cargo/registry/src/index.crates.io-1949cf8c6b5b557f/once_cell-1.21.3/src/imp_std.rs:63:12
   |
63 |         F: FnOnce() -> Result<T, E>,
   |            ^^^^^^ not found in this scope
   |
help: consider importing this trait
   |
6  + use core::ops::FnOnce;
   |

error[E0412]: cannot find type `Result` in this scope
  --> /root/.cargo/registry/src/index.crates.io-1949cf8c6b5b557f/once_cell-1.21.3/src/imp_std.rs:63:24
   |
63 |         F: FnOnce() -> Result<T, E>,
   |                        ^^^^^^ not found in this scope
   |
help: consider importing one of these items
   |
6  + use core::fmt::Result;
   |
6  + use core::result::Result;
   |
6  + use alloc::fmt::Result;
   |

error[E0412]: cannot find type `Result` in this scope
  --> /root/.cargo/registry/src/index.crates.io-1949cf8c6b5b557f/once_cell-1.21.3/src/imp_std.rs:61:52
   |
61 |     pub(crate) fn initialize<F, E>(&self, f: F) -> Result<(), E>
   |                                                    ^^^^^^ not found in this scope
   |
help: consider importing one of these items
   |
6  + use core::fmt::Result;
   |
6  + use core::result::Result;
   |
6  + use alloc::fmt::Result;
   |

error[E0425]: cannot find function, tuple struct or tuple variant `Some` in this scope
  --> /root/.cargo/registry/src/index.crates.io-1949cf8c6b5b557f/once_cell-1.21.3/src/imp_std.rs:65:21
   |
65 |         let mut f = Some(f);
   |                     ^^^^ not found in this scope
   |
help: consider importing this tuple variant
   |
6  + use core::option::Option::Some;
   |

error[E0412]: cannot find type `Result` in this scope
  --> /root/.cargo/registry/src/index.crates.io-1949cf8c6b5b557f/once_cell-1.21.3/src/imp_std.rs:66:22
   |
66 |         let mut res: Result<(), E> = Ok(());
   |                      ^^^^^^ not found in this scope
   |
help: consider importing one of these items
   |
6  + use core::fmt::Result;
   |
6  + use core::result::Result;
   |
6  + use alloc::fmt::Result;
   |

error[E0425]: cannot find function, tuple struct or tuple variant `Ok` in this scope
  --> /root/.cargo/registry/src/index.crates.io-1949cf8c6b5b557f/once_cell-1.21.3/src/imp_std.rs:66:38
   |
66 |         let mut res: Result<(), E> = Ok(());
   |                                      ^^ not found in this scope
   |
help: consider importing this tuple variant
   |
6  + use core::result::Result::Ok;
   |

error[E0412]: cannot find type `Option` in this scope
  --> /root/.cargo/registry/src/index.crates.io-1949cf8c6b5b557f/once_cell-1.21.3/src/imp_std.rs:67:24
   |
67 |         let slot: *mut Option<T> = self.value.get();
   |                        ^^^^^^ not found in this scope
   |
help: consider importing this enum
   |
6  + use core::option::Option;
   |

error[E0425]: cannot find function, tuple struct or tuple variant `Some` in this scope
  --> /root/.cargo/registry/src/index.crates.io-1949cf8c6b5b557f/once_cell-1.21.3/src/imp_std.rs:70:13
   |
70 |             Some(&mut || {
   |             ^^^^ not found in this scope
   |
help: consider importing this tuple variant
   |
6  + use core::option::Option::Some;
   |

error[E0531]: cannot find tuple struct or tuple variant `Ok` in this scope
  --> /root/.cargo/registry/src/index.crates.io-1949cf8c6b5b557f/once_cell-1.21.3/src/imp_std.rs:73:21
   |
73 |                     Ok(value) => {
   |                     ^^ not found in this scope
   |
help: consider importing this tuple variant
   |
6  + use core::result::Result::Ok;
   |

error[E0425]: cannot find function, tuple struct or tuple variant `Some` in this scope
  --> /root/.cargo/registry/src/index.crates.io-1949cf8c6b5b557f/once_cell-1.21.3/src/imp_std.rs:74:42
   |
74 |                         unsafe { *slot = Some(value) };
   |                                          ^^^^ not found in this scope
   |
help: consider importing this tuple variant
   |
6  + use core::option::Option::Some;
   |

error[E0531]: cannot find tuple struct or tuple variant `Err` in this scope
  --> /root/.cargo/registry/src/index.crates.io-1949cf8c6b5b557f/once_cell-1.21.3/src/imp_std.rs:77:21
   |
77 |                     Err(err) => {
   |                     ^^^ not found in this scope
   |
help: consider importing this tuple variant
   |
6  + use core::result::Result::Err;
   |

error[E0425]: cannot find function, tuple struct or tuple variant `Err` in this scope
  --> /root/.cargo/registry/src/index.crates.io-1949cf8c6b5b557f/once_cell-1.21.3/src/imp_std.rs:78:31
   |
78 |                         res = Err(err);
   |                               ^^^
   |
help: a local variable with a similar name exists
   |
78 -                         res = Err(err);
78 +                         res = err(err);
   |
help: consider importing this tuple variant
   |
6  + use core::result::Result::Err;
   |

error[E0425]: cannot find value `None` in this scope
  --> /root/.cargo/registry/src/index.crates.io-1949cf8c6b5b557f/once_cell-1.21.3/src/imp_std.rs:89:41
   |
89 |         initialize_or_wait(&self.queue, None);
   |                                         ^^^^ not found in this scope
   |
help: consider importing this unit variant
   |
6  + use core::option::Option::None;
   |

error[E0412]: cannot find type `Option` in this scope
   --> /root/.cargo/registry/src/index.crates.io-1949cf8c6b5b557f/once_cell-1.21.3/src/imp_std.rs:107:41
    |
107 |     pub(crate) fn get_mut(&mut self) -> Option<&mut T> {
    |                                         ^^^^^^ not found in this scope
    |
help: consider importing this enum
    |
6   + use core::option::Option;
    |

error[E0412]: cannot find type `Option` in this scope
   --> /root/.cargo/registry/src/index.crates.io-1949cf8c6b5b557f/once_cell-1.21.3/src/imp_std.rs:115:39
    |
115 |     pub(crate) fn into_inner(self) -> Option<T> {
    |                                       ^^^^^^ not found in this scope
    |
help: consider importing this enum
    |
6   + use core::option::Option;
    |

error[E0412]: cannot find type `Option` in this scope
   --> /root/.cargo/registry/src/index.crates.io-1949cf8c6b5b557f/once_cell-1.21.3/src/imp_std.rs:139:18
    |
139 |     thread: Cell<Option<Thread>>,
    |                  ^^^^^^ not found in this scope
    |
help: consider importing this enum
    |
6   + use core::option::Option;
    |

error[E0405]: cannot find trait `Drop` in this scope
   --> /root/.cargo/registry/src/index.crates.io-1949cf8c6b5b557f/once_cell-1.21.3/src/imp_std.rs:150:6
    |
150 | impl Drop for Guard<'_> {
    |      ^^^^ not found in this scope
    |
help: consider importing this trait
    |
6   + use core::ops::Drop;
    |

error[E0412]: cannot find type `Option` in this scope
   --> /root/.cargo/registry/src/index.crates.io-1949cf8c6b5b557f/once_cell-1.21.3/src/imp_std.rs:177:60
    |
177 | fn initialize_or_wait(queue: &AtomicPtr<Waiter>, mut init: Option<&mut dyn FnMut() -> bool>) {
    |                                                            ^^^^^^ not found in this scope
    |
help: consider importing this enum
    |
6   + use core::option::Option;
    |

error[E0405]: cannot find trait `FnMut` in this scope
   --> /root/.cargo/registry/src/index.crates.io-1949cf8c6b5b557f/once_cell-1.21.3/src/imp_std.rs:177:76
    |
177 | fn initialize_or_wait(queue: &AtomicPtr<Waiter>, mut init: Option<&mut dyn FnMut() -> bool>) {
    |                                                                            ^^^^^ not found in this scope
    |
help: consider importing this trait
    |
6   + use core::ops::FnMut;
    |

error[E0531]: cannot find tuple struct or tuple variant `Some` in this scope
   --> /root/.cargo/registry/src/index.crates.io-1949cf8c6b5b557f/once_cell-1.21.3/src/imp_std.rs:184:26
    |
184 |             (INCOMPLETE, Some(init)) => {
    |                          ^^^^ not found in this scope
    |
help: consider importing this tuple variant
    |
6   + use core::option::Option::Some;
    |

error[E0531]: cannot find tuple struct or tuple variant `Err` in this scope
   --> /root/.cargo/registry/src/index.crates.io-1949cf8c6b5b557f/once_cell-1.21.3/src/imp_std.rs:191:24
    |
191 |                 if let Err(new_queue) = exchange {
    |                        ^^^ not found in this scope
    |
help: consider importing this tuple variant
    |
6   + use core::result::Result::Err;
    |

error[E0425]: cannot find function, tuple struct or tuple variant `Some` in this scope
   --> /root/.cargo/registry/src/index.crates.io-1949cf8c6b5b557f/once_cell-1.21.3/src/imp_std.rs:214:31
    |
214 |             thread: Cell::new(Some(thread::current())),
    |                               ^^^^ not found in this scope
    |
help: consider importing this tuple variant
    |
6   + use core::option::Option::Some;
    |

error[E0531]: cannot find tuple struct or tuple variant `Err` in this scope
   --> /root/.cargo/registry/src/index.crates.io-1949cf8c6b5b557f/once_cell-1.21.3/src/imp_std.rs:226:16
    |
226 |         if let Err(new_queue) = exchange {
    |                ^^^ not found in this scope
    |
help: consider importing this tuple variant
    |
6   + use core::result::Result::Err;
    |

error[E0405]: cannot find trait `Sized` in this scope
   --> /root/.cargo/registry/src/index.crates.io-1949cf8c6b5b557f/once_cell-1.21.3/src/imp_std.rs:250:12
    |
250 |         T: Sized,
    |            ^^^^^ not found in this scope
    |
help: consider importing this trait
    |
246 +     use core::marker::Sized;
    |

error[E0405]: cannot find trait `Sized` in this scope
   --> /root/.cargo/registry/src/index.crates.io-1949cf8c6b5b557f/once_cell-1.21.3/src/imp_std.rs:262:12
    |
262 |         T: Sized,
    |            ^^^^^ not found in this scope
    |
help: consider importing this trait
    |
246 +     use core::marker::Sized;
    |

error[E0405]: cannot find trait `Sized` in this scope
   --> /root/.cargo/registry/src/index.crates.io-1949cf8c6b5b557f/once_cell-1.21.3/src/imp_std.rs:283:12
    |
283 |         T: Sized,
    |            ^^^^^ not found in this scope
    |
help: consider importing this trait
    |
246 +     use core::marker::Sized;
    |

error[E0405]: cannot find trait `FnOnce` in this scope
   --> /root/.cargo/registry/src/index.crates.io-1949cf8c6b5b557f/once_cell-1.21.3/src/imp_std.rs:281:52
    |
281 |     pub(crate) fn map_addr<T>(ptr: *mut T, f: impl FnOnce(usize) -> usize) -> *mut T
    |                                                    ^^^^^^ not found in this scope
    |
help: consider importing this trait
    |
246 +     use core::ops::FnOnce;
    |

error[E0412]: cannot find type `Option` in this scope
   --> /root/.cargo/registry/src/index.crates.io-1949cf8c6b5b557f/once_cell-1.21.3/src/lib.rs:413:27
    |
413 |         inner: UnsafeCell<Option<T>>,
    |                           ^^^^^^ not found in this scope
    |
help: consider importing this enum
    |
384 +     use core::option::Option;
    |

error[E0405]: cannot find trait `Default` in this scope
   --> /root/.cargo/registry/src/index.crates.io-1949cf8c6b5b557f/once_cell-1.21.3/src/lib.rs:423:13
    |
423 |     impl<T> Default for OnceCell<T> {
    |             ^^^^^^^ not found in this scope
    |
help: consider importing this trait
    |
384 +     use core::default::Default;
    |

error[E0531]: cannot find tuple struct or tuple variant `Some` in this scope
   --> /root/.cargo/registry/src/index.crates.io-1949cf8c6b5b557f/once_cell-1.21.3/src/lib.rs:432:17
    |
432 |                 Some(v) => f.debug_tuple("OnceCell").field(v).finish(),
    |                 ^^^^ not found in this scope
    |
help: consider importing this tuple variant
    |
384 +     use core::option::Option::Some;
    |

error[E0405]: cannot find trait `Clone` in this scope
   --> /root/.cargo/registry/src/index.crates.io-1949cf8c6b5b557f/once_cell-1.21.3/src/lib.rs:438:20
    |
438 |     impl<T: Clone> Clone for OnceCell<T> {
    |                    ^^^^^ not found in this scope
    |
help: consider importing this trait
    |
384 +     use core::clone::Clone;
    |

error[E0405]: cannot find trait `Clone` in this scope
   --> /root/.cargo/registry/src/index.crates.io-1949cf8c6b5b557f/once_cell-1.21.3/src/lib.rs:438:13
    |
438 |     impl<T: Clone> Clone for OnceCell<T> {
    |             ^^^^^ not found in this scope
    |
help: consider importing this trait
    |
384 +     use core::clone::Clone;
    |

error[E0531]: cannot find tuple struct or tuple variant `Some` in this scope
   --> /root/.cargo/registry/src/index.crates.io-1949cf8c6b5b557f/once_cell-1.21.3/src/lib.rs:441:17
    |
441 |                 Some(value) => OnceCell::with_value(value.clone()),
    |                 ^^^^ not found in this scope
    |
help: consider importing this tuple variant
    |
384 +     use core::option::Option::Some;
    |

error[E0531]: cannot find tuple struct or tuple variant `Some` in this scope
   --> /root/.cargo/registry/src/index.crates.io-1949cf8c6b5b557f/once_cell-1.21.3/src/lib.rs:448:18
    |
448 |                 (Some(this), Some(source)) => this.clone_from(source),
    |                  ^^^^ not found in this scope
    |
help: consider importing this tuple variant
    |
384 +     use core::option::Option::Some;
    |

error[E0531]: cannot find tuple struct or tuple variant `Some` in this scope
   --> /root/.cargo/registry/src/index.crates.io-1949cf8c6b5b557f/once_cell-1.21.3/src/lib.rs:448:30
    |
448 |                 (Some(this), Some(source)) => this.clone_from(source),
    |                              ^^^^ not found in this scope
    |
help: consider importing this tuple variant
    |
384 +     use core::option::Option::Some;
    |

error[E0405]: cannot find trait `PartialEq` in this scope
   --> /root/.cargo/registry/src/index.crates.io-1949cf8c6b5b557f/once_cell-1.21.3/src/lib.rs:454:24
    |
454 |     impl<T: PartialEq> PartialEq for OnceCell<T> {
    |                        ^^^^^^^^^ not found in this scope
    |
help: consider importing this trait
    |
384 +     use core::cmp::PartialEq;
    |

error[E0405]: cannot find trait `PartialEq` in this scope
   --> /root/.cargo/registry/src/index.crates.io-1949cf8c6b5b557f/once_cell-1.21.3/src/lib.rs:454:13
    |
454 |     impl<T: PartialEq> PartialEq for OnceCell<T> {
    |             ^^^^^^^^^ not found in this scope
    |
help: consider importing this trait
    |
384 +     use core::cmp::PartialEq;
    |

error[E0405]: cannot find trait `Eq` in this scope
   --> /root/.cargo/registry/src/index.crates.io-1949cf8c6b5b557f/once_cell-1.21.3/src/lib.rs:460:17
    |
460 |     impl<T: Eq> Eq for OnceCell<T> {}
    |                 ^^ not found in this scope
    |
help: consider importing this trait
    |
384 +     use core::cmp::Eq;
    |

error[E0405]: cannot find trait `Eq` in this scope
   --> /root/.cargo/registry/src/index.crates.io-1949cf8c6b5b557f/once_cell-1.21.3/src/lib.rs:460:13
    |
460 |     impl<T: Eq> Eq for OnceCell<T> {}
    |             ^^ not found in this scope
    |
help: consider importing this trait
    |
384 +     use core::cmp::Eq;
    |

error[E0405]: cannot find trait `From` in this scope
   --> /root/.cargo/registry/src/index.crates.io-1949cf8c6b5b557f/once_cell-1.21.3/src/lib.rs:462:13
    |
462 |     impl<T> From<T> for OnceCell<T> {
    |             ^^^^ not found in this scope
    |
help: consider importing this trait
    |
384 +     use core::convert::From;
    |

error[E0425]: cannot find value `None` in this scope
   --> /root/.cargo/registry/src/index.crates.io-1949cf8c6b5b557f/once_cell-1.21.3/src/lib.rs:471:47
    |
471 |             OnceCell { inner: UnsafeCell::new(None) }
    |                                               ^^^^ not found in this scope
    |
help: consider importing this unit variant
    |
384 +     use core::option::Option::None;
    |

error[E0425]: cannot find function, tuple struct or tuple variant `Some` in this scope
   --> /root/.cargo/registry/src/index.crates.io-1949cf8c6b5b557f/once_cell-1.21.3/src/lib.rs:476:47
    |
476 |             OnceCell { inner: UnsafeCell::new(Some(value)) }
    |                                               ^^^^ not found in this scope
    |
help: consider importing this tuple variant
    |
384 +     use core::option::Option::Some;
    |

error[E0412]: cannot find type `Option` in this scope
   --> /root/.cargo/registry/src/index.crates.io-1949cf8c6b5b557f/once_cell-1.21.3/src/lib.rs:483:30
    |
483 |         pub fn get(&self) -> Option<&T> {
    |                              ^^^^^^ not found in this scope
    |
help: consider importing this enum
    |
384 +     use core::option::Option;
    |

error[E0412]: cannot find type `Option` in this scope
   --> /root/.cargo/registry/src/index.crates.io-1949cf8c6b5b557f/once_cell-1.21.3/src/lib.rs:508:38
    |
508 |         pub fn get_mut(&mut self) -> Option<&mut T> {
    |                                      ^^^^^^ not found in this scope
    |
help: consider importing this enum
    |
384 +     use core::option::Option;
    |

error[E0412]: cannot find type `Result` in this scope
   --> /root/.cargo/registry/src/index.crates.io-1949cf8c6b5b557f/once_cell-1.21.3/src/lib.rs:530:40
    |
530 |         pub fn set(&self, value: T) -> Result<(), T> {
    |                                        ^^^^^^ not found in this scope
    |
help: consider importing one of these items
    |
384 +     use crate::unsync::fmt::Result;
    |
384 +     use core::fmt::Result;
    |
384 +     use core::result::Result;
    |
384 +     use alloc::fmt::Result;
    |

error[E0531]: cannot find tuple struct or tuple variant `Ok` in this scope
   --> /root/.cargo/registry/src/index.crates.io-1949cf8c6b5b557f/once_cell-1.21.3/src/lib.rs:532:17
    |
532 |                 Ok(_) => Ok(()),
    |                 ^^ not found in this scope
    |
help: consider importing this tuple variant
    |
384 +     use core::result::Result::Ok;
    |

error[E0425]: cannot find function, tuple struct or tuple variant `Ok` in this scope
   --> /root/.cargo/registry/src/index.crates.io-1949cf8c6b5b557f/once_cell-1.21.3/src/lib.rs:532:26
    |
532 |                 Ok(_) => Ok(()),
    |                          ^^ not found in this scope
    |
help: consider importing this tuple variant
    |
384 +     use core::result::Result::Ok;
    |

error[E0531]: cannot find tuple struct or tuple variant `Err` in this scope
   --> /root/.cargo/registry/src/index.crates.io-1949cf8c6b5b557f/once_cell-1.21.3/src/lib.rs:533:17
    |
533 |                 Err((_, value)) => Err(value),
    |                 ^^^ not found in this scope
    |
help: consider importing this tuple variant
    |
384 +     use core::result::Result::Err;
    |

error[E0425]: cannot find function, tuple struct or tuple variant `Err` in this scope
   --> /root/.cargo/registry/src/index.crates.io-1949cf8c6b5b557f/once_cell-1.21.3/src/lib.rs:533:36
    |
533 |                 Err((_, value)) => Err(value),
    |                                    ^^^ not found in this scope
    |
help: consider importing this tuple variant
    |
384 +     use core::result::Result::Err;
    |

error[E0412]: cannot find type `Result` in this scope
   --> /root/.cargo/registry/src/index.crates.io-1949cf8c6b5b557f/once_cell-1.21.3/src/lib.rs:551:47
    |
551 |         pub fn try_insert(&self, value: T) -> Result<&T, (&T, T)> {
    |                                               ^^^^^^ not found in this scope
    |
help: consider importing one of these items
    |
384 +     use crate::unsync::fmt::Result;
    |
384 +     use core::fmt::Result;
    |
384 +     use core::result::Result;
    |
384 +     use alloc::fmt::Result;
    |

error[E0531]: cannot find tuple struct or tuple variant `Some` in this scope
   --> /root/.cargo/registry/src/index.crates.io-1949cf8c6b5b557f/once_cell-1.21.3/src/lib.rs:552:20
    |
552 |             if let Some(old) = self.get() {
    |                    ^^^^ not found in this scope
    |
help: consider importing this tuple variant
    |
384 +     use core::option::Option::Some;
    |

error[E0425]: cannot find function, tuple struct or tuple variant `Err` in this scope
   --> /root/.cargo/registry/src/index.crates.io-1949cf8c6b5b557f/once_cell-1.21.3/src/lib.rs:553:24
    |
553 |                 return Err((old, value));
    |                        ^^^ not found in this scope
    |
help: consider importing this tuple variant
    |
384 +     use core::result::Result::Err;
    |

error[E0425]: cannot find function, tuple struct or tuple variant `Some` in this scope
   --> /root/.cargo/registry/src/index.crates.io-1949cf8c6b5b557f/once_cell-1.21.3/src/lib.rs:561:21
    |
561 |             *slot = Some(value);
    |                     ^^^^ not found in this scope
    |
help: consider importing this tuple variant
    |
384 +     use core::option::Option::Some;
    |

error[E0425]: cannot find function, tuple struct or tuple variant `Ok` in this scope
   --> /root/.cargo/registry/src/index.crates.io-1949cf8c6b5b557f/once_cell-1.21.3/src/lib.rs:562:13
    |
562 |             Ok(unsafe { slot.as_ref().unwrap_unchecked() })
    |             ^^ not found in this scope
    |
help: consider importing this tuple variant
    |
384 +     use core::result::Result::Ok;
    |

error[E0405]: cannot find trait `FnOnce` in this scope
   --> /root/.cargo/registry/src/index.crates.io-1949cf8c6b5b557f/once_cell-1.21.3/src/lib.rs:588:16
    |
588 |             F: FnOnce() -> T,
    |                ^^^^^^ not found in this scope
    |
help: consider importing this trait
    |
384 +     use core::ops::FnOnce;
    |

error[E0425]: cannot find function, tuple struct or tuple variant `Ok` in this scope
   --> /root/.cargo/registry/src/index.crates.io-1949cf8c6b5b557f/once_cell-1.21.3/src/lib.rs:591:43
    |
591 |             match self.get_or_try_init(|| Ok::<T, Void>(f())) {
    |                                           ^^ not found in this scope
    |
help: consider importing this tuple variant
    |
384 +     use core::result::Result::Ok;
    |

error[E0531]: cannot find tuple struct or tuple variant `Ok` in this scope
   --> /root/.cargo/registry/src/index.crates.io-1949cf8c6b5b557f/once_cell-1.21.3/src/lib.rs:592:17
    |
592 |                 Ok(val) => val,
    |                 ^^ not found in this scope
    |
help: consider importing this tuple variant
    |
384 +     use core::result::Result::Ok;
    |

error[E0531]: cannot find tuple struct or tuple variant `Err` in this scope
   --> /root/.cargo/registry/src/index.crates.io-1949cf8c6b5b557f/once_cell-1.21.3/src/lib.rs:593:17
    |
593 |                 Err(void) => match void {},
    |                 ^^^ not found in this scope
    |
help: consider importing this tuple variant
    |
384 +     use core::result::Result::Err;
    |

error[E0405]: cannot find trait `FnOnce` in this scope
   --> /root/.cargo/registry/src/index.crates.io-1949cf8c6b5b557f/once_cell-1.21.3/src/lib.rs:624:16
    |
624 |             F: FnOnce() -> Result<T, E>,
    |                ^^^^^^ not found in this scope
    |
help: consider importing this trait
    |
384 +     use core::ops::FnOnce;
    |

error[E0412]: cannot find type `Result` in this scope
   --> /root/.cargo/registry/src/index.crates.io-1949cf8c6b5b557f/once_cell-1.21.3/src/lib.rs:624:28
    |
624 |             F: FnOnce() -> Result<T, E>,
    |                            ^^^^^^ not found in this scope
    |
help: consider importing one of these items
    |
384 +     use crate::unsync::fmt::Result;
    |
384 +     use core::fmt::Result;
    |
384 +     use core::result::Result;
    |
384 +     use alloc::fmt::Result;
    |

error[E0412]: cannot find type `Result` in this scope
   --> /root/.cargo/registry/src/index.crates.io-1949cf8c6b5b557f/once_cell-1.21.3/src/lib.rs:622:54
    |
622 |         pub fn get_or_try_init<F, E>(&self, f: F) -> Result<&T, E>
    |                                                      ^^^^^^ not found in this scope
    |
help: consider importing one of these items
    |
384 +     use crate::unsync::fmt::Result;
    |
384 +     use core::fmt::Result;
    |
384 +     use core::result::Result;
    |
384 +     use alloc::fmt::Result;
    |

error[E0531]: cannot find tuple struct or tuple variant `Some` in this scope
   --> /root/.cargo/registry/src/index.crates.io-1949cf8c6b5b557f/once_cell-1.21.3/src/lib.rs:626:20
    |
626 |             if let Some(val) = self.get() {
    |                    ^^^^ not found in this scope
    |
help: consider importing this tuple variant
    |
384 +     use core::option::Option::Some;
    |

error[E0425]: cannot find function, tuple struct or tuple variant `Ok` in this scope
   --> /root/.cargo/registry/src/index.crates.io-1949cf8c6b5b557f/once_cell-1.21.3/src/lib.rs:627:24
    |
627 |                 return Ok(val);
    |                        ^^ not found in this scope
    |
help: consider importing this tuple variant
    |
384 +     use core::result::Result::Ok;
    |

error[E0425]: cannot find function, tuple struct or tuple variant `Ok` in this scope
   --> /root/.cargo/registry/src/index.crates.io-1949cf8c6b5b557f/once_cell-1.21.3/src/lib.rs:635:13
    |
635 |             Ok(unsafe { self.get().unwrap_unchecked() })
    |             ^^ not found in this scope
    |
help: consider importing this tuple variant
    |
384 +     use core::result::Result::Ok;
    |

error[E0412]: cannot find type `Option` in this scope
   --> /root/.cargo/registry/src/index.crates.io-1949cf8c6b5b557f/once_cell-1.21.3/src/lib.rs:667:35
    |
667 |         pub fn take(&mut self) -> Option<T> {
    |                                   ^^^^^^ not found in this scope
    |
help: consider importing this enum
    |
384 +     use core::option::Option;
    |

error[E0412]: cannot find type `Option` in this scope
   --> /root/.cargo/registry/src/index.crates.io-1949cf8c6b5b557f/once_cell-1.21.3/src/lib.rs:687:36
    |
687 |         pub fn into_inner(self) -> Option<T> {
    |                                    ^^^^^^ not found in this scope
    |
help: consider importing this enum
    |
384 +     use core::option::Option;
    |

error[E0412]: cannot find type `Option` in this scope
   --> /root/.cargo/registry/src/index.crates.io-1949cf8c6b5b557f/once_cell-1.21.3/src/lib.rs:716:20
    |
716 |         init: Cell<Option<F>>,
    |                    ^^^^^^ not found in this scope
    |
help: consider importing this enum
    |
384 +     use core::option::Option;
    |

error[E0425]: cannot find function, tuple struct or tuple variant `Some` in this scope
   --> /root/.cargo/registry/src/index.crates.io-1949cf8c6b5b557f/once_cell-1.21.3/src/lib.rs:743:59
    |
743 |             Lazy { cell: OnceCell::new(), init: Cell::new(Some(init)) }
    |                                                           ^^^^ not found in this scope
    |
help: consider importing this tuple variant
    |
384 +     use core::option::Option::Some;
    |

error[E0412]: cannot find type `Result` in this scope
   --> /root/.cargo/registry/src/index.crates.io-1949cf8c6b5b557f/once_cell-1.21.3/src/lib.rs:749:48
    |
749 |         pub fn into_value(this: Lazy<T, F>) -> Result<T, F> {
    |                                                ^^^^^^ not found in this scope
    |
help: consider importing one of these items
    |
384 +     use crate::unsync::fmt::Result;
    |
384 +     use core::fmt::Result;
    |
384 +     use core::result::Result;
    |
384 +     use alloc::fmt::Result;
    |

error[E0405]: cannot find trait `FnOnce` in this scope
   --> /root/.cargo/registry/src/index.crates.io-1949cf8c6b5b557f/once_cell-1.21.3/src/lib.rs:758:16
    |
758 |     impl<T, F: FnOnce() -> T> Lazy<T, F> {
    |                ^^^^^^ not found in this scope
    |
help: consider importing this trait
    |
384 +     use core::ops::FnOnce;
    |

error[E0531]: cannot find tuple struct or tuple variant `Some` in this scope
   --> /root/.cargo/registry/src/index.crates.io-1949cf8c6b5b557f/once_cell-1.21.3/src/lib.rs:775:17
    |
775 |                 Some(f) => f(),
    |                 ^^^^ not found in this scope
    |
help: consider importing this tuple variant
    |
384 +     use core::option::Option::Some;
    |

error[E0531]: cannot find tuple struct or tuple variant `Some` in this scope
   --> /root/.cargo/registry/src/index.crates.io-1949cf8c6b5b557f/once_cell-1.21.3/src/lib.rs:797:21
    |
797 |                     Some(f) => f(),
    |                     ^^^^ not found in this scope
    |
help: consider importing this tuple variant
    |
384 +     use core::option::Option::Some;
    |

error[E0412]: cannot find type `Option` in this scope
   --> /root/.cargo/registry/src/index.crates.io-1949cf8c6b5b557f/once_cell-1.21.3/src/lib.rs:818:42
    |
818 |         pub fn get(this: &Lazy<T, F>) -> Option<&T> {
    |                                          ^^^^^^ not found in this scope
    |
help: consider importing this enum
    |
384 +     use core::option::Option;
    |

error[E0412]: cannot find type `Option` in this scope
   --> /root/.cargo/registry/src/index.crates.io-1949cf8c6b5b557f/once_cell-1.21.3/src/lib.rs:835:50
    |
835 |         pub fn get_mut(this: &mut Lazy<T, F>) -> Option<&mut T> {
    |                                                  ^^^^^^ not found in this scope
    |
help: consider importing this enum
    |
384 +     use core::option::Option;
    |

error[E0405]: cannot find trait `FnOnce` in this scope
   --> /root/.cargo/registry/src/index.crates.io-1949cf8c6b5b557f/once_cell-1.21.3/src/lib.rs:840:16
    |
840 |     impl<T, F: FnOnce() -> T> Deref for Lazy<T, F> {
    |                ^^^^^^ not found in this scope
    |
help: consider importing this trait
    |
384 +     use core::ops::FnOnce;
    |

error[E0405]: cannot find trait `FnOnce` in this scope
   --> /root/.cargo/registry/src/index.crates.io-1949cf8c6b5b557f/once_cell-1.21.3/src/lib.rs:847:16
    |
847 |     impl<T, F: FnOnce() -> T> DerefMut for Lazy<T, F> {
    |                ^^^^^^ not found in this scope
    |
help: consider importing this trait
    |
384 +     use core::ops::FnOnce;
    |

error[E0405]: cannot find trait `Default` in this scope
   --> /root/.cargo/registry/src/index.crates.io-1949cf8c6b5b557f/once_cell-1.21.3/src/lib.rs:853:22
    |
853 |     impl<T: Default> Default for Lazy<T> {
    |                      ^^^^^^^ not found in this scope
    |
help: consider importing this trait
    |
384 +     use core::default::Default;
    |

error[E0405]: cannot find trait `Default` in this scope
   --> /root/.cargo/registry/src/index.crates.io-1949cf8c6b5b557f/once_cell-1.21.3/src/lib.rs:853:13
    |
853 |     impl<T: Default> Default for Lazy<T> {
    |             ^^^^^^^ not found in this scope
    |
help: consider importing this trait
    |
384 +     use core::default::Default;
    |

error[E0405]: cannot find trait `Default` in this scope
   --> /root/.cargo/registry/src/index.crates.io-1949cf8c6b5b557f/once_cell-1.21.3/src/lib.rs:903:13
    |
903 |     impl<T> Default for OnceCell<T> {
    |             ^^^^^^^ not found in this scope
    |
help: consider importing this trait
    |
864 +     use core::default::Default;
    |

error[E0531]: cannot find tuple struct or tuple variant `Some` in this scope
   --> /root/.cargo/registry/src/index.crates.io-1949cf8c6b5b557f/once_cell-1.21.3/src/lib.rs:912:17
    |
912 |                 Some(v) => f.debug_tuple("OnceCell").field(v).finish(),
    |                 ^^^^ not found in this scope
    |
help: consider importing this tuple variant
    |
864 +     use core::option::Option::Some;
    |

error[E0405]: cannot find trait `Clone` in this scope
   --> /root/.cargo/registry/src/index.crates.io-1949cf8c6b5b557f/once_cell-1.21.3/src/lib.rs:918:20
    |
918 |     impl<T: Clone> Clone for OnceCell<T> {
    |                    ^^^^^ not found in this scope
    |
help: consider importing this trait
    |
864 +     use core::clone::Clone;
    |

error[E0405]: cannot find trait `Clone` in this scope
   --> /root/.cargo/registry/src/index.crates.io-1949cf8c6b5b557f/once_cell-1.21.3/src/lib.rs:918:13
    |
918 |     impl<T: Clone> Clone for OnceCell<T> {
    |             ^^^^^ not found in this scope
    |
help: consider importing this trait
    |
864 +     use core::clone::Clone;
    |

error[E0531]: cannot find tuple struct or tuple variant `Some` in this scope
   --> /root/.cargo/registry/src/index.crates.io-1949cf8c6b5b557f/once_cell-1.21.3/src/lib.rs:921:17
    |
921 |                 Some(value) => Self::with_value(value.clone()),
    |                 ^^^^ not found in this scope
    |
help: consider importing this tuple variant
    |
864 +     use core::option::Option::Some;
    |

error[E0531]: cannot find tuple struct or tuple variant `Some` in this scope
   --> /root/.cargo/registry/src/index.crates.io-1949cf8c6b5b557f/once_cell-1.21.3/src/lib.rs:928:18
    |
928 |                 (Some(this), Some(source)) => this.clone_from(source),
    |                  ^^^^ not found in this scope
    |
help: consider importing this tuple variant
    |
864 +     use core::option::Option::Some;
    |

error[E0531]: cannot find tuple struct or tuple variant `Some` in this scope
   --> /root/.cargo/registry/src/index.crates.io-1949cf8c6b5b557f/once_cell-1.21.3/src/lib.rs:928:30
    |
928 |                 (Some(this), Some(source)) => this.clone_from(source),
    |                              ^^^^ not found in this scope
    |
help: consider importing this tuple variant
    |
864 +     use core::option::Option::Some;
    |

error[E0405]: cannot find trait `From` in this scope
   --> /root/.cargo/registry/src/index.crates.io-1949cf8c6b5b557f/once_cell-1.21.3/src/lib.rs:934:13
    |
934 |     impl<T> From<T> for OnceCell<T> {
    |             ^^^^ not found in this scope
    |
help: consider importing this trait
    |
864 +     use core::convert::From;
    |

error[E0405]: cannot find trait `PartialEq` in this scope
   --> /root/.cargo/registry/src/index.crates.io-1949cf8c6b5b557f/once_cell-1.21.3/src/lib.rs:940:24
    |
940 |     impl<T: PartialEq> PartialEq for OnceCell<T> {
    |                        ^^^^^^^^^ not found in this scope
    |
help: consider importing this trait
    |
864 +     use core::cmp::PartialEq;
    |

error[E0405]: cannot find trait `PartialEq` in this scope
   --> /root/.cargo/registry/src/index.crates.io-1949cf8c6b5b557f/once_cell-1.21.3/src/lib.rs:940:13
    |
940 |     impl<T: PartialEq> PartialEq for OnceCell<T> {
    |             ^^^^^^^^^ not found in this scope
    |
help: consider importing this trait
    |
864 +     use core::cmp::PartialEq;
    |

error[E0405]: cannot find trait `Eq` in this scope
   --> /root/.cargo/registry/src/index.crates.io-1949cf8c6b5b557f/once_cell-1.21.3/src/lib.rs:946:17
    |
946 |     impl<T: Eq> Eq for OnceCell<T> {}
    |                 ^^ not found in this scope
    |
help: consider importing this trait
    |
864 +     use core::cmp::Eq;
    |

error[E0405]: cannot find trait `Eq` in this scope
   --> /root/.cargo/registry/src/index.crates.io-1949cf8c6b5b557f/once_cell-1.21.3/src/lib.rs:946:13
    |
946 |     impl<T: Eq> Eq for OnceCell<T> {}
    |             ^^ not found in this scope
    |
help: consider importing this trait
    |
864 +     use core::cmp::Eq;
    |

error[E0412]: cannot find type `Option` in this scope
   --> /root/.cargo/registry/src/index.crates.io-1949cf8c6b5b557f/once_cell-1.21.3/src/lib.rs:963:30
    |
963 |         pub fn get(&self) -> Option<&T> {
    |                              ^^^^^^ not found in this scope
    |
help: consider importing this enum
    |
864 +     use core::option::Option;
    |

error[E0425]: cannot find function, tuple struct or tuple variant `Some` in this scope
   --> /root/.cargo/registry/src/index.crates.io-1949cf8c6b5b557f/once_cell-1.21.3/src/lib.rs:966:17
    |
966 |                 Some(unsafe { self.get_unchecked() })
    |                 ^^^^ not found in this scope
    |
help: consider importing this tuple variant
    |
864 +     use core::option::Option::Some;
    |

error[E0425]: cannot find value `None` in this scope
   --> /root/.cargo/registry/src/index.crates.io-1949cf8c6b5b557f/once_cell-1.21.3/src/lib.rs:968:17
    |
968 |                 None
    |                 ^^^^ not found in this scope
    |
help: consider importing this unit variant
    |
864 +     use core::option::Option::None;
    |

error[E0412]: cannot find type `Option` in this scope
    --> /root/.cargo/registry/src/index.crates.io-1949cf8c6b5b557f/once_cell-1.21.3/src/lib.rs:1019:38
     |
1019 |         pub fn get_mut(&mut self) -> Option<&mut T> {
     |                                      ^^^^^^ not found in this scope
     |
help: consider importing this enum
     |
864  +     use core::option::Option;
     |

error[E0412]: cannot find type `Result` in this scope
    --> /root/.cargo/registry/src/index.crates.io-1949cf8c6b5b557f/once_cell-1.21.3/src/lib.rs:1058:40
     |
1058 |         pub fn set(&self, value: T) -> Result<(), T> {
     |                                        ^^^^^^ not found in this scope
     |
help: consider importing one of these items
     |
864  +     use crate::sync::fmt::Result;
     |
864  +     use core::fmt::Result;
     |
864  +     use core::result::Result;
     |
864  +     use alloc::fmt::Result;
     |

error[E0531]: cannot find tuple struct or tuple variant `Ok` in this scope
    --> /root/.cargo/registry/src/index.crates.io-1949cf8c6b5b557f/once_cell-1.21.3/src/lib.rs:1060:17
     |
1060 |                 Ok(_) => Ok(()),
     |                 ^^ not found in this scope
     |
help: consider importing this tuple variant
     |
864  +     use core::result::Result::Ok;
     |

error[E0425]: cannot find function, tuple struct or tuple variant `Ok` in this scope
    --> /root/.cargo/registry/src/index.crates.io-1949cf8c6b5b557f/once_cell-1.21.3/src/lib.rs:1060:26
     |
1060 |                 Ok(_) => Ok(()),
     |                          ^^ not found in this scope
     |
help: consider importing this tuple variant
     |
864  +     use core::result::Result::Ok;
     |

error[E0531]: cannot find tuple struct or tuple variant `Err` in this scope
    --> /root/.cargo/registry/src/index.crates.io-1949cf8c6b5b557f/once_cell-1.21.3/src/lib.rs:1061:17
     |
1061 |                 Err((_, value)) => Err(value),
     |                 ^^^ not found in this scope
     |
help: consider importing this tuple variant
     |
864  +     use core::result::Result::Err;
     |

error[E0425]: cannot find function, tuple struct or tuple variant `Err` in this scope
    --> /root/.cargo/registry/src/index.crates.io-1949cf8c6b5b557f/once_cell-1.21.3/src/lib.rs:1061:36
     |
1061 |                 Err((_, value)) => Err(value),
     |                                    ^^^ not found in this scope
     |
help: consider importing this tuple variant
     |
864  +     use core::result::Result::Err;
     |

error[E0412]: cannot find type `Result` in this scope
    --> /root/.cargo/registry/src/index.crates.io-1949cf8c6b5b557f/once_cell-1.21.3/src/lib.rs:1080:47
     |
1080 |         pub fn try_insert(&self, value: T) -> Result<&T, (&T, T)> {
     |                                               ^^^^^^ not found in this scope
     |
help: consider importing one of these items
     |
864  +     use crate::sync::fmt::Result;
     |
864  +     use core::fmt::Result;
     |
864  +     use core::result::Result;
     |
864  +     use alloc::fmt::Result;
     |

error[E0425]: cannot find function, tuple struct or tuple variant `Some` in this scope
    --> /root/.cargo/registry/src/index.crates.io-1949cf8c6b5b557f/once_cell-1.21.3/src/lib.rs:1081:29
     |
1081 |             let mut value = Some(value);
     |                             ^^^^ not found in this scope
     |
help: consider importing this tuple variant
     |
864  +     use core::option::Option::Some;
     |

error[E0425]: cannot find function, tuple struct or tuple variant `Ok` in this scope
    --> /root/.cargo/registry/src/index.crates.io-1949cf8c6b5b557f/once_cell-1.21.3/src/lib.rs:1084:25
     |
1084 |                 None => Ok(res),
     |                         ^^ not found in this scope
     |
help: consider importing this tuple variant
     |
864  +     use core::result::Result::Ok;
     |

error[E0531]: cannot find tuple struct or tuple variant `Some` in this scope
    --> /root/.cargo/registry/src/index.crates.io-1949cf8c6b5b557f/once_cell-1.21.3/src/lib.rs:1085:17
     |
1085 |                 Some(value) => Err((res, value)),
     |                 ^^^^ not found in this scope
     |
help: consider importing this tuple variant
     |
864  +     use core::option::Option::Some;
     |

error[E0425]: cannot find function, tuple struct or tuple variant `Err` in this scope
    --> /root/.cargo/registry/src/index.crates.io-1949cf8c6b5b557f/once_cell-1.21.3/src/lib.rs:1085:32
     |
1085 |                 Some(value) => Err((res, value)),
     |                                ^^^ not found in this scope
     |
help: consider importing this tuple variant
     |
864  +     use core::result::Result::Err;
     |

error[E0405]: cannot find trait `FnOnce` in this scope
    --> /root/.cargo/registry/src/index.crates.io-1949cf8c6b5b557f/once_cell-1.21.3/src/lib.rs:1117:16
     |
1117 |             F: FnOnce() -> T,
     |                ^^^^^^ not found in this scope
     |
help: consider importing this trait
     |
864  +     use core::ops::FnOnce;
     |

error[E0425]: cannot find function, tuple struct or tuple variant `Ok` in this scope
    --> /root/.cargo/registry/src/index.crates.io-1949cf8c6b5b557f/once_cell-1.21.3/src/lib.rs:1120:43
     |
1120 |             match self.get_or_try_init(|| Ok::<T, Void>(f())) {
     |                                           ^^ not found in this scope
     |
help: consider importing this tuple variant
     |
864  +     use core::result::Result::Ok;
     |

error[E0531]: cannot find tuple struct or tuple variant `Ok` in this scope
    --> /root/.cargo/registry/src/index.crates.io-1949cf8c6b5b557f/once_cell-1.21.3/src/lib.rs:1121:17
     |
1121 |                 Ok(val) => val,
     |                 ^^ not found in this scope
     |
help: consider importing this tuple variant
     |
864  +     use core::result::Result::Ok;
     |

error[E0531]: cannot find tuple struct or tuple variant `Err` in this scope
    --> /root/.cargo/registry/src/index.crates.io-1949cf8c6b5b557f/once_cell-1.21.3/src/lib.rs:1122:17
     |
1122 |                 Err(void) => match void {},
     |                 ^^^ not found in this scope
     |
help: consider importing this tuple variant
     |
864  +     use core::result::Result::Err;
     |

error[E0405]: cannot find trait `FnOnce` in this scope
    --> /root/.cargo/registry/src/index.crates.io-1949cf8c6b5b557f/once_cell-1.21.3/src/lib.rs:1154:16
     |
1154 |             F: FnOnce() -> Result<T, E>,
     |                ^^^^^^ not found in this scope
     |
help: consider importing this trait
     |
864  +     use core::ops::FnOnce;
     |

error[E0412]: cannot find type `Result` in this scope
    --> /root/.cargo/registry/src/index.crates.io-1949cf8c6b5b557f/once_cell-1.21.3/src/lib.rs:1154:28
     |
1154 |             F: FnOnce() -> Result<T, E>,
     |                            ^^^^^^ not found in this scope
     |
help: consider importing one of these items
     |
864  +     use crate::sync::fmt::Result;
     |
864  +     use core::fmt::Result;
     |
864  +     use core::result::Result;
     |
864  +     use alloc::fmt::Result;
     |

error[E0412]: cannot find type `Result` in this scope
    --> /root/.cargo/registry/src/index.crates.io-1949cf8c6b5b557f/once_cell-1.21.3/src/lib.rs:1152:54
     |
1152 |         pub fn get_or_try_init<F, E>(&self, f: F) -> Result<&T, E>
     |                                                      ^^^^^^ not found in this scope
     |
help: consider importing one of these items
     |
864  +     use crate::sync::fmt::Result;
     |
864  +     use core::fmt::Result;
     |
864  +     use core::result::Result;
     |
864  +     use alloc::fmt::Result;
     |

error[E0531]: cannot find tuple struct or tuple variant `Some` in this scope
    --> /root/.cargo/registry/src/index.crates.io-1949cf8c6b5b557f/once_cell-1.21.3/src/lib.rs:1157:20
     |
1157 |             if let Some(value) = self.get() {
     |                    ^^^^ not found in this scope
     |
help: consider importing this tuple variant
     |
864  +     use core::option::Option::Some;
     |

error[E0425]: cannot find function, tuple struct or tuple variant `Ok` in this scope
    --> /root/.cargo/registry/src/index.crates.io-1949cf8c6b5b557f/once_cell-1.21.3/src/lib.rs:1158:24
     |
1158 |                 return Ok(value);
     |                        ^^ not found in this scope
     |
help: consider importing this tuple variant
     |
864  +     use core::result::Result::Ok;
     |

error[E0425]: cannot find function, tuple struct or tuple variant `Ok` in this scope
    --> /root/.cargo/registry/src/index.crates.io-1949cf8c6b5b557f/once_cell-1.21.3/src/lib.rs:1165:13
     |
1165 |             Ok(unsafe { self.get_unchecked() })
     |             ^^ not found in this scope
     |
help: consider importing this tuple variant
     |
864  +     use core::result::Result::Ok;
     |

error[E0412]: cannot find type `Option` in this scope
    --> /root/.cargo/registry/src/index.crates.io-1949cf8c6b5b557f/once_cell-1.21.3/src/lib.rs:1197:35
     |
1197 |         pub fn take(&mut self) -> Option<T> {
     |                                   ^^^^^^ not found in this scope
     |
help: consider importing this enum
     |
864  +     use core::option::Option;
     |

error[E0412]: cannot find type `Option` in this scope
    --> /root/.cargo/registry/src/index.crates.io-1949cf8c6b5b557f/once_cell-1.21.3/src/lib.rs:1217:36
     |
1217 |         pub fn into_inner(self) -> Option<T> {
     |                                    ^^^^^^ not found in this scope
     |
help: consider importing this enum
     |
864  +     use core::option::Option;
     |

error[E0412]: cannot find type `Option` in this scope
    --> /root/.cargo/registry/src/index.crates.io-1949cf8c6b5b557f/once_cell-1.21.3/src/lib.rs:1257:20
     |
1257 |         init: Cell<Option<F>>,
     |                    ^^^^^^ not found in this scope
     |
help: consider importing this enum
     |
864  +     use core::option::Option;
     |

error[E0405]: cannot find trait `Sync` in this scope
    --> /root/.cargo/registry/src/index.crates.io-1949cf8c6b5b557f/once_cell-1.21.3/src/lib.rs:1270:29
     |
1270 |     unsafe impl<T, F: Send> Sync for Lazy<T, F> where OnceCell<T>: Sync {}
     |                             ^^^^ not found in this scope
     |
help: consider importing this trait
     |
864  +     use core::marker::Sync;
     |

error[E0405]: cannot find trait `Send` in this scope
    --> /root/.cargo/registry/src/index.crates.io-1949cf8c6b5b557f/once_cell-1.21.3/src/lib.rs:1270:23
     |
1270 |     unsafe impl<T, F: Send> Sync for Lazy<T, F> where OnceCell<T>: Sync {}
     |                       ^^^^ not found in this scope
     |
help: consider importing this trait
     |
864  +     use core::marker::Send;
     |

error[E0405]: cannot find trait `Sync` in this scope
    --> /root/.cargo/registry/src/index.crates.io-1949cf8c6b5b557f/once_cell-1.21.3/src/lib.rs:1270:68
     |
1270 |     unsafe impl<T, F: Send> Sync for Lazy<T, F> where OnceCell<T>: Sync {}
     |                                                                    ^^^^ not found in this scope
     |
help: consider importing this trait
     |
864  +     use core::marker::Sync;
     |

error[E0425]: cannot find function, tuple struct or tuple variant `Some` in this scope
    --> /root/.cargo/registry/src/index.crates.io-1949cf8c6b5b557f/once_cell-1.21.3/src/lib.rs:1279:59
     |
1279 |             Lazy { cell: OnceCell::new(), init: Cell::new(Some(f)) }
     |                                                           ^^^^ not found in this scope
     |
help: consider importing this tuple variant
     |
864  +     use core::option::Option::Some;
     |

error[E0412]: cannot find type `Result` in this scope
    --> /root/.cargo/registry/src/index.crates.io-1949cf8c6b5b557f/once_cell-1.21.3/src/lib.rs:1285:48
     |
1285 |         pub fn into_value(this: Lazy<T, F>) -> Result<T, F> {
     |                                                ^^^^^^ not found in this scope
     |
help: consider importing one of these items
     |
864  +     use crate::sync::fmt::Result;
     |
864  +     use core::fmt::Result;
     |
864  +     use core::result::Result;
     |
864  +     use alloc::fmt::Result;
     |

error[E0405]: cannot find trait `FnOnce` in this scope
    --> /root/.cargo/registry/src/index.crates.io-1949cf8c6b5b557f/once_cell-1.21.3/src/lib.rs:1294:16
     |
1294 |     impl<T, F: FnOnce() -> T> Lazy<T, F> {
     |                ^^^^^^ not found in this scope
     |
help: consider importing this trait
     |
864  +     use core::ops::FnOnce;
     |

error[E0531]: cannot find tuple struct or tuple variant `Some` in this scope
    --> /root/.cargo/registry/src/index.crates.io-1949cf8c6b5b557f/once_cell-1.21.3/src/lib.rs:1310:17
     |
1310 |                 Some(f) => f(),
     |                 ^^^^ not found in this scope
     |
help: consider importing this tuple variant
     |
864  +     use core::option::Option::Some;
     |

error[E0531]: cannot find tuple struct or tuple variant `Some` in this scope
    --> /root/.cargo/registry/src/index.crates.io-1949cf8c6b5b557f/once_cell-1.21.3/src/lib.rs:1330:21
     |
1330 |                     Some(f) => f(),
     |                     ^^^^ not found in this scope
     |
help: consider importing this tuple variant
     |
864  +     use core::option::Option::Some;
     |

error[E0412]: cannot find type `Option` in this scope
    --> /root/.cargo/registry/src/index.crates.io-1949cf8c6b5b557f/once_cell-1.21.3/src/lib.rs:1351:42
     |
1351 |         pub fn get(this: &Lazy<T, F>) -> Option<&T> {
     |                                          ^^^^^^ not found in this scope
     |
help: consider importing this enum
     |
864  +     use core::option::Option;
     |

error[E0412]: cannot find type `Option` in this scope
    --> /root/.cargo/registry/src/index.crates.io-1949cf8c6b5b557f/once_cell-1.21.3/src/lib.rs:1368:50
     |
1368 |         pub fn get_mut(this: &mut Lazy<T, F>) -> Option<&mut T> {
     |                                                  ^^^^^^ not found in this scope
     |
help: consider importing this enum
     |
864  +     use core::option::Option;
     |

error[E0405]: cannot find trait `FnOnce` in this scope
    --> /root/.cargo/registry/src/index.crates.io-1949cf8c6b5b557f/once_cell-1.21.3/src/lib.rs:1373:16
     |
1373 |     impl<T, F: FnOnce() -> T> Deref for Lazy<T, F> {
     |                ^^^^^^ not found in this scope
     |
help: consider importing this trait
     |
864  +     use core::ops::FnOnce;
     |

error[E0405]: cannot find trait `FnOnce` in this scope
    --> /root/.cargo/registry/src/index.crates.io-1949cf8c6b5b557f/once_cell-1.21.3/src/lib.rs:1380:16
     |
1380 |     impl<T, F: FnOnce() -> T> DerefMut for Lazy<T, F> {
     |                ^^^^^^ not found in this scope
     |
help: consider importing this trait
     |
864  +     use core::ops::FnOnce;
     |

error[E0405]: cannot find trait `Default` in this scope
    --> /root/.cargo/registry/src/index.crates.io-1949cf8c6b5b557f/once_cell-1.21.3/src/lib.rs:1386:22
     |
1386 |     impl<T: Default> Default for Lazy<T> {
     |                      ^^^^^^^ not found in this scope
     |
help: consider importing this trait
     |
864  +     use core::default::Default;
     |

error[E0405]: cannot find trait `Default` in this scope
    --> /root/.cargo/registry/src/index.crates.io-1949cf8c6b5b557f/once_cell-1.21.3/src/lib.rs:1386:13
     |
1386 |     impl<T: Default> Default for Lazy<T> {
     |             ^^^^^^^ not found in this scope
     |
help: consider importing this trait
     |
864  +     use core::default::Default;
     |

error[E0412]: cannot find type `Option` in this scope
  --> /root/.cargo/registry/src/index.crates.io-1949cf8c6b5b557f/once_cell-1.21.3/src/race.rs:56:26
   |
56 |     pub fn get(&self) -> Option<NonZeroUsize> {
   |                          ^^^^^^ not found in this scope
   |
help: consider importing this enum
   |
30 + use core::option::Option;
   |

error[E0412]: cannot find type `Result` in this scope
   --> /root/.cargo/registry/src/index.crates.io-1949cf8c6b5b557f/once_cell-1.21.3/src/race.rs:107:47
    |
107 |     pub fn set(&self, value: NonZeroUsize) -> Result<(), ()> {
    |                                               ^^^^^^ not found in this scope
    |
help: consider importing one of these items
    |
30  + use core::fmt::Result;
    |
30  + use core::result::Result;
    |
30  + use alloc::fmt::Result;
    |

error[E0531]: cannot find tuple struct or tuple variant `Ok` in this scope
   --> /root/.cargo/registry/src/index.crates.io-1949cf8c6b5b557f/once_cell-1.21.3/src/race.rs:109:13
    |
109 |             Ok(_) => Ok(()),
    |             ^^ not found in this scope
    |
help: consider importing this tuple variant
    |
30  + use core::result::Result::Ok;
    |

error[E0425]: cannot find function, tuple struct or tuple variant `Ok` in this scope
   --> /root/.cargo/registry/src/index.crates.io-1949cf8c6b5b557f/once_cell-1.21.3/src/race.rs:109:22
    |
109 |             Ok(_) => Ok(()),
    |                      ^^ not found in this scope
    |
help: consider importing this tuple variant
    |
30  + use core::result::Result::Ok;
    |

error[E0531]: cannot find tuple struct or tuple variant `Err` in this scope
   --> /root/.cargo/registry/src/index.crates.io-1949cf8c6b5b557f/once_cell-1.21.3/src/race.rs:110:13
    |
110 |             Err(_) => Err(()),
    |             ^^^ not found in this scope
    |
help: consider importing this tuple variant
    |
30  + use core::result::Result::Err;
    |

error[E0425]: cannot find function, tuple struct or tuple variant `Err` in this scope
   --> /root/.cargo/registry/src/index.crates.io-1949cf8c6b5b557f/once_cell-1.21.3/src/race.rs:110:23
    |
110 |             Err(_) => Err(()),
    |                       ^^^ not found in this scope
    |
help: consider importing this tuple variant
    |
30  + use core::result::Result::Err;
    |

error[E0405]: cannot find trait `FnOnce` in this scope
   --> /root/.cargo/registry/src/index.crates.io-1949cf8c6b5b557f/once_cell-1.21.3/src/race.rs:122:12
    |
122 |         F: FnOnce() -> NonZeroUsize,
    |            ^^^^^^ not found in this scope
    |
help: consider importing this trait
    |
30  + use core::ops::FnOnce;
    |

error[E0425]: cannot find function, tuple struct or tuple variant `Ok` in this scope
   --> /root/.cargo/registry/src/index.crates.io-1949cf8c6b5b557f/once_cell-1.21.3/src/race.rs:125:39
    |
125 |         match self.get_or_try_init(|| Ok::<NonZeroUsize, Void>(f())) {
    |                                       ^^ not found in this scope
    |
help: consider importing this tuple variant
    |
30  + use core::result::Result::Ok;
    |

error[E0531]: cannot find tuple struct or tuple variant `Ok` in this scope
   --> /root/.cargo/registry/src/index.crates.io-1949cf8c6b5b557f/once_cell-1.21.3/src/race.rs:126:13
    |
126 |             Ok(val) => val,
    |             ^^ not found in this scope
    |
help: consider importing this tuple variant
    |
30  + use core::result::Result::Ok;
    |

error[E0531]: cannot find tuple struct or tuple variant `Err` in this scope
   --> /root/.cargo/registry/src/index.crates.io-1949cf8c6b5b557f/once_cell-1.21.3/src/race.rs:127:13
    |
127 |             Err(void) => match void {},
    |             ^^^ not found in this scope
    |
help: consider importing this tuple variant
    |
30  + use core::result::Result::Err;
    |

error[E0405]: cannot find trait `FnOnce` in this scope
   --> /root/.cargo/registry/src/index.crates.io-1949cf8c6b5b557f/once_cell-1.21.3/src/race.rs:140:12
    |
140 |         F: FnOnce() -> Result<NonZeroUsize, E>,
    |            ^^^^^^ not found in this scope
    |
help: consider importing this trait
    |
30  + use core::ops::FnOnce;
    |

error[E0412]: cannot find type `Result` in this scope
   --> /root/.cargo/registry/src/index.crates.io-1949cf8c6b5b557f/once_cell-1.21.3/src/race.rs:140:24
    |
140 |         F: FnOnce() -> Result<NonZeroUsize, E>,
    |                        ^^^^^^ not found in this scope
    |
help: consider importing one of these items
    |
30  + use core::fmt::Result;
    |
30  + use core::result::Result;
    |
30  + use alloc::fmt::Result;
    |

error[E0412]: cannot find type `Result` in this scope
   --> /root/.cargo/registry/src/index.crates.io-1949cf8c6b5b557f/once_cell-1.21.3/src/race.rs:138:50
    |
138 |     pub fn get_or_try_init<F, E>(&self, f: F) -> Result<NonZeroUsize, E>
    |                                                  ^^^^^^ not found in this scope
    |
help: consider importing one of these items
    |
30  + use core::fmt::Result;
    |
30  + use core::result::Result;
    |
30  + use alloc::fmt::Result;
    |

error[E0531]: cannot find tuple struct or tuple variant `Some` in this scope
   --> /root/.cargo/registry/src/index.crates.io-1949cf8c6b5b557f/once_cell-1.21.3/src/race.rs:143:13
    |
143 |             Some(it) => Ok(it),
    |             ^^^^ not found in this scope
    |
help: consider importing this tuple variant
    |
30  + use core::option::Option::Some;
    |

error[E0425]: cannot find function, tuple struct or tuple variant `Ok` in this scope
   --> /root/.cargo/registry/src/index.crates.io-1949cf8c6b5b557f/once_cell-1.21.3/src/race.rs:143:25
    |
143 |             Some(it) => Ok(it),
    |                         ^^ not found in this scope
    |
help: consider importing this tuple variant
    |
30  + use core::result::Result::Ok;
    |

error[E0405]: cannot find trait `FnOnce` in this scope
   --> /root/.cargo/registry/src/index.crates.io-1949cf8c6b5b557f/once_cell-1.21.3/src/race.rs:150:31
    |
150 |     fn init<E>(&self, f: impl FnOnce() -> Result<NonZeroUsize, E>) -> Result<NonZeroUsize, E> {
    |                               ^^^^^^ not found in this scope
    |
help: consider importing this trait
    |
30  + use core::ops::FnOnce;
    |

error[E0412]: cannot find type `Result` in this scope
   --> /root/.cargo/registry/src/index.crates.io-1949cf8c6b5b557f/once_cell-1.21.3/src/race.rs:150:43
    |
150 |     fn init<E>(&self, f: impl FnOnce() -> Result<NonZeroUsize, E>) -> Result<NonZeroUsize, E> {
    |                                           ^^^^^^ not found in this scope
    |
help: consider importing one of these items
    |
30  + use core::fmt::Result;
    |
30  + use core::result::Result;
    |
30  + use alloc::fmt::Result;
    |

error[E0412]: cannot find type `Result` in this scope
   --> /root/.cargo/registry/src/index.crates.io-1949cf8c6b5b557f/once_cell-1.21.3/src/race.rs:150:71
    |
150 |     fn init<E>(&self, f: impl FnOnce() -> Result<NonZeroUsize, E>) -> Result<NonZeroUsize, E> {
    |                                                                       ^^^^^^ not found in this scope
    |
help: consider importing one of these items
    |
30  + use core::fmt::Result;
    |
30  + use core::result::Result;
    |
30  + use alloc::fmt::Result;
    |

error[E0531]: cannot find tuple struct or tuple variant `Err` in this scope
   --> /root/.cargo/registry/src/index.crates.io-1949cf8c6b5b557f/once_cell-1.21.3/src/race.rs:153:16
    |
153 |         if let Err(old) = self.compare_exchange(nz) {
    |                ^^^ not found in this scope
    |
help: consider importing this tuple variant
    |
30  + use core::result::Result::Err;
    |

error[E0425]: cannot find function, tuple struct or tuple variant `Ok` in this scope
   --> /root/.cargo/registry/src/index.crates.io-1949cf8c6b5b557f/once_cell-1.21.3/src/race.rs:156:9
    |
156 |         Ok(unsafe { NonZeroUsize::new_unchecked(val) })
    |         ^^ not found in this scope
    |
help: consider importing this tuple variant
    |
30  + use core::result::Result::Ok;
    |

error[E0412]: cannot find type `Result` in this scope
   --> /root/.cargo/registry/src/index.crates.io-1949cf8c6b5b557f/once_cell-1.21.3/src/race.rs:160:54
    |
160 |     fn compare_exchange(&self, val: NonZeroUsize) -> Result<usize, usize> {
    |                                                      ^^^^^^ not found in this scope
    |
help: consider importing one of these items
    |
30  + use core::fmt::Result;
    |
30  + use core::result::Result;
    |
30  + use alloc::fmt::Result;
    |

error[E0412]: cannot find type `Option` in this scope
   --> /root/.cargo/registry/src/index.crates.io-1949cf8c6b5b557f/once_cell-1.21.3/src/race.rs:180:26
    |
180 |     pub fn get(&self) -> Option<bool> {
    |                          ^^^^^^ not found in this scope
    |
help: consider importing this enum
    |
30  + use core::option::Option;
    |

error[E0412]: cannot find type `Result` in this scope
   --> /root/.cargo/registry/src/index.crates.io-1949cf8c6b5b557f/once_cell-1.21.3/src/race.rs:189:39
    |
189 |     pub fn set(&self, value: bool) -> Result<(), ()> {
    |                                       ^^^^^^ not found in this scope
    |
help: consider importing one of these items
    |
30  + use core::fmt::Result;
    |
30  + use core::result::Result;
    |
30  + use alloc::fmt::Result;
    |

error[E0405]: cannot find trait `FnOnce` in this scope
   --> /root/.cargo/registry/src/index.crates.io-1949cf8c6b5b557f/once_cell-1.21.3/src/race.rs:201:12
    |
201 |         F: FnOnce() -> bool,
    |            ^^^^^^ not found in this scope
    |
help: consider importing this trait
    |
30  + use core::ops::FnOnce;
    |

error[E0405]: cannot find trait `FnOnce` in this scope
   --> /root/.cargo/registry/src/index.crates.io-1949cf8c6b5b557f/once_cell-1.21.3/src/race.rs:215:12
    |
215 |         F: FnOnce() -> Result<bool, E>,
    |            ^^^^^^ not found in this scope
    |
help: consider importing this trait
    |
30  + use core::ops::FnOnce;
    |

error[E0412]: cannot find type `Result` in this scope
   --> /root/.cargo/registry/src/index.crates.io-1949cf8c6b5b557f/once_cell-1.21.3/src/race.rs:215:24
    |
215 |         F: FnOnce() -> Result<bool, E>,
    |                        ^^^^^^ not found in this scope
    |
help: consider importing one of these items
    |
30  + use core::fmt::Result;
    |
30  + use core::result::Result;
    |
30  + use alloc::fmt::Result;
    |

error[E0412]: cannot find type `Result` in this scope
   --> /root/.cargo/registry/src/index.crates.io-1949cf8c6b5b557f/once_cell-1.21.3/src/race.rs:213:50
    |
213 |     pub fn get_or_try_init<F, E>(&self, f: F) -> Result<bool, E>
    |                                                  ^^^^^^ not found in this scope
    |
help: consider importing one of these items
    |
30  + use core::fmt::Result;
    |
30  + use core::result::Result;
    |
30  + use alloc::fmt::Result;
    |

error[E0405]: cannot find trait `Sync` in this scope
   --> /root/.cargo/registry/src/index.crates.io-1949cf8c6b5b557f/once_cell-1.21.3/src/race.rs:238:26
    |
238 | unsafe impl<'a, T: Sync> Sync for OnceRef<'a, T> {}
    |                          ^^^^ not found in this scope
    |
help: consider importing this trait
    |
30  + use core::marker::Sync;
    |

error[E0405]: cannot find trait `Sync` in this scope
   --> /root/.cargo/registry/src/index.crates.io-1949cf8c6b5b557f/once_cell-1.21.3/src/race.rs:238:20
    |
238 | unsafe impl<'a, T: Sync> Sync for OnceRef<'a, T> {}
    |                    ^^^^ not found in this scope
    |
help: consider importing this trait
    |
30  + use core::marker::Sync;
    |

error[E0405]: cannot find trait `Default` in this scope
   --> /root/.cargo/registry/src/index.crates.io-1949cf8c6b5b557f/once_cell-1.21.3/src/race.rs:246:13
    |
246 | impl<'a, T> Default for OnceRef<'a, T> {
    |             ^^^^^^^ not found in this scope
    |
help: consider importing this trait
    |
30  + use core::default::Default;
    |

error[E0412]: cannot find type `Option` in this scope
   --> /root/.cargo/registry/src/index.crates.io-1949cf8c6b5b557f/once_cell-1.21.3/src/race.rs:259:26
    |
259 |     pub fn get(&self) -> Option<&'a T> {
    |                          ^^^^^^ not found in this scope
    |
help: consider importing this enum
    |
30  + use core::option::Option;
    |

error[E0412]: cannot find type `Result` in this scope
   --> /root/.cargo/registry/src/index.crates.io-1949cf8c6b5b557f/once_cell-1.21.3/src/race.rs:268:40
    |
268 |     pub fn set(&self, value: &'a T) -> Result<(), ()> {
    |                                        ^^^^^^ not found in this scope
    |
help: consider importing one of these items
    |
30  + use core::fmt::Result;
    |
30  + use core::result::Result;
    |
30  + use alloc::fmt::Result;
    |

error[E0531]: cannot find tuple struct or tuple variant `Ok` in this scope
   --> /root/.cargo/registry/src/index.crates.io-1949cf8c6b5b557f/once_cell-1.21.3/src/race.rs:270:13
    |
270 |             Ok(_) => Ok(()),
    |             ^^ not found in this scope
    |
help: consider importing this tuple variant
    |
30  + use core::result::Result::Ok;
    |

error[E0425]: cannot find function, tuple struct or tuple variant `Ok` in this scope
   --> /root/.cargo/registry/src/index.crates.io-1949cf8c6b5b557f/once_cell-1.21.3/src/race.rs:270:22
    |
270 |             Ok(_) => Ok(()),
    |                      ^^ not found in this scope
    |
help: consider importing this tuple variant
    |
30  + use core::result::Result::Ok;
    |

error[E0531]: cannot find tuple struct or tuple variant `Err` in this scope
   --> /root/.cargo/registry/src/index.crates.io-1949cf8c6b5b557f/once_cell-1.21.3/src/race.rs:271:13
    |
271 |             Err(_) => Err(()),
    |             ^^^ not found in this scope
    |
help: consider importing this tuple variant
    |
30  + use core::result::Result::Err;
    |

error[E0425]: cannot find function, tuple struct or tuple variant `Err` in this scope
   --> /root/.cargo/registry/src/index.crates.io-1949cf8c6b5b557f/once_cell-1.21.3/src/race.rs:271:23
    |
271 |             Err(_) => Err(()),
    |                       ^^^ not found in this scope
    |
help: consider importing this tuple variant
    |
30  + use core::result::Result::Err;
    |

error[E0405]: cannot find trait `FnOnce` in this scope
   --> /root/.cargo/registry/src/index.crates.io-1949cf8c6b5b557f/once_cell-1.21.3/src/race.rs:283:12
    |
283 |         F: FnOnce() -> &'a T,
    |            ^^^^^^ not found in this scope
    |
help: consider importing this trait
    |
30  + use core::ops::FnOnce;
    |

error[E0425]: cannot find function, tuple struct or tuple variant `Ok` in this scope
   --> /root/.cargo/registry/src/index.crates.io-1949cf8c6b5b557f/once_cell-1.21.3/src/race.rs:286:39
    |
286 |         match self.get_or_try_init(|| Ok::<&'a T, Void>(f())) {
    |                                       ^^ not found in this scope
    |
help: consider importing this tuple variant
    |
30  + use core::result::Result::Ok;
    |

error[E0531]: cannot find tuple struct or tuple variant `Ok` in this scope
   --> /root/.cargo/registry/src/index.crates.io-1949cf8c6b5b557f/once_cell-1.21.3/src/race.rs:287:13
    |
287 |             Ok(val) => val,
    |             ^^ not found in this scope
    |
help: consider importing this tuple variant
    |
30  + use core::result::Result::Ok;
    |

error[E0531]: cannot find tuple struct or tuple variant `Err` in this scope
   --> /root/.cargo/registry/src/index.crates.io-1949cf8c6b5b557f/once_cell-1.21.3/src/race.rs:288:13
    |
288 |             Err(void) => match void {},
    |             ^^^ not found in this scope
    |
help: consider importing this tuple variant
    |
30  + use core::result::Result::Err;
    |

error[E0405]: cannot find trait `FnOnce` in this scope
   --> /root/.cargo/registry/src/index.crates.io-1949cf8c6b5b557f/once_cell-1.21.3/src/race.rs:301:12
    |
301 |         F: FnOnce() -> Result<&'a T, E>,
    |            ^^^^^^ not found in this scope
    |
help: consider importing this trait
    |
30  + use core::ops::FnOnce;
    |

error[E0412]: cannot find type `Result` in this scope
   --> /root/.cargo/registry/src/index.crates.io-1949cf8c6b5b557f/once_cell-1.21.3/src/race.rs:301:24
    |
301 |         F: FnOnce() -> Result<&'a T, E>,
    |                        ^^^^^^ not found in this scope
    |
help: consider importing one of these items
    |
30  + use core::fmt::Result;
    |
30  + use core::result::Result;
    |
30  + use alloc::fmt::Result;
    |

error[E0412]: cannot find type `Result` in this scope
   --> /root/.cargo/registry/src/index.crates.io-1949cf8c6b5b557f/once_cell-1.21.3/src/race.rs:299:50
    |
299 |     pub fn get_or_try_init<F, E>(&self, f: F) -> Result<&'a T, E>
    |                                                  ^^^^^^ not found in this scope
    |
help: consider importing one of these items
    |
30  + use core::fmt::Result;
    |
30  + use core::result::Result;
    |
30  + use alloc::fmt::Result;
    |

error[E0531]: cannot find tuple struct or tuple variant `Some` in this scope
   --> /root/.cargo/registry/src/index.crates.io-1949cf8c6b5b557f/once_cell-1.21.3/src/race.rs:304:13
    |
304 |             Some(val) => Ok(val),
    |             ^^^^ not found in this scope
    |
help: consider importing this tuple variant
    |
30  + use core::option::Option::Some;
    |

error[E0425]: cannot find function, tuple struct or tuple variant `Ok` in this scope
   --> /root/.cargo/registry/src/index.crates.io-1949cf8c6b5b557f/once_cell-1.21.3/src/race.rs:304:26
    |
304 |             Some(val) => Ok(val),
    |                          ^^ not found in this scope
    |
help: consider importing this tuple variant
    |
30  + use core::result::Result::Ok;
    |

error[E0405]: cannot find trait `FnOnce` in this scope
   --> /root/.cargo/registry/src/index.crates.io-1949cf8c6b5b557f/once_cell-1.21.3/src/race.rs:311:31
    |
311 |     fn init<E>(&self, f: impl FnOnce() -> Result<&'a T, E>) -> Result<&'a T, E> {
    |                               ^^^^^^ not found in this scope
    |
help: consider importing this trait
    |
30  + use core::ops::FnOnce;
    |

error[E0412]: cannot find type `Result` in this scope
   --> /root/.cargo/registry/src/index.crates.io-1949cf8c6b5b557f/once_cell-1.21.3/src/race.rs:311:43
    |
311 |     fn init<E>(&self, f: impl FnOnce() -> Result<&'a T, E>) -> Result<&'a T, E> {
    |                                           ^^^^^^ not found in this scope
    |
help: consider importing one of these items
    |
30  + use core::fmt::Result;
    |
30  + use core::result::Result;
    |
30  + use alloc::fmt::Result;
    |

error[E0412]: cannot find type `Result` in this scope
   --> /root/.cargo/registry/src/index.crates.io-1949cf8c6b5b557f/once_cell-1.21.3/src/race.rs:311:64
    |
311 |     fn init<E>(&self, f: impl FnOnce() -> Result<&'a T, E>) -> Result<&'a T, E> {
    |                                                                ^^^^^^ not found in this scope
    |
help: consider importing one of these items
    |
30  + use core::fmt::Result;
    |
30  + use core::result::Result;
    |
30  + use alloc::fmt::Result;
    |

error[E0531]: cannot find tuple struct or tuple variant `Err` in this scope
   --> /root/.cargo/registry/src/index.crates.io-1949cf8c6b5b557f/once_cell-1.21.3/src/race.rs:313:16
    |
313 |         if let Err(old) = self.compare_exchange(value) {
    |                ^^^ not found in this scope
    |
help: consider importing this tuple variant
    |
30  + use core::result::Result::Err;
    |

error[E0425]: cannot find function, tuple struct or tuple variant `Ok` in this scope
   --> /root/.cargo/registry/src/index.crates.io-1949cf8c6b5b557f/once_cell-1.21.3/src/race.rs:316:9
    |
316 |         Ok(value)
    |         ^^ not found in this scope
    |
help: consider importing this tuple variant
    |
30  + use core::result::Result::Ok;
    |

error[E0412]: cannot find type `Result` in this scope
   --> /root/.cargo/registry/src/index.crates.io-1949cf8c6b5b557f/once_cell-1.21.3/src/race.rs:320:49
    |
320 |     fn compare_exchange(&self, value: &'a T) -> Result<(), *const T> {
    |                                                 ^^^^^^ not found in this scope
    |
help: consider importing one of these items
    |
30  + use core::fmt::Result;
    |
30  + use core::result::Result;
    |
30  + use alloc::fmt::Result;
    |

error[E0412]: cannot find type `Option` in this scope
   --> /root/.cargo/registry/src/index.crates.io-1949cf8c6b5b557f/once_cell-1.21.3/src/race.rs:363:28
    |
363 |         ghost: PhantomData<Option<Box<T>>>,
    |                            ^^^^^^ not found in this scope
    |
help: consider importing this enum
    |
355 +     use core::option::Option;
    |

error[E0405]: cannot find trait `Default` in this scope
   --> /root/.cargo/registry/src/index.crates.io-1949cf8c6b5b557f/once_cell-1.21.3/src/race.rs:372:13
    |
372 |     impl<T> Default for OnceBox<T> {
    |             ^^^^^^^ not found in this scope
    |
help: consider importing this trait
    |
355 +     use core::default::Default;
    |

error[E0405]: cannot find trait `Drop` in this scope
   --> /root/.cargo/registry/src/index.crates.io-1949cf8c6b5b557f/once_cell-1.21.3/src/race.rs:378:13
    |
378 |     impl<T> Drop for OnceBox<T> {
    |             ^^^^ not found in this scope
    |
help: consider importing this trait
    |
355 +     use core::ops::Drop;
    |

error[E0425]: cannot find function `drop` in this scope
   --> /root/.cargo/registry/src/index.crates.io-1949cf8c6b5b557f/once_cell-1.21.3/src/race.rs:382:17
    |
382 |                 drop(unsafe { Box::from_raw(ptr) })
    |                 ^^^^ not found in this scope
    |
help: consider using the method on `Self`
    |
382 |                 self.drop(unsafe { Box::from_raw(ptr) })
    |                 +++++
help: consider importing this function
    |
355 +     use core::mem::drop;
    |

error[E0412]: cannot find type `Option` in this scope
   --> /root/.cargo/registry/src/index.crates.io-1949cf8c6b5b557f/once_cell-1.21.3/src/race.rs:399:30
    |
399 |         pub fn get(&self) -> Option<&T> {
    |                              ^^^^^^ not found in this scope
    |
help: consider importing this enum
    |
355 +     use core::option::Option;
    |

error[E0425]: cannot find value `None` in this scope
   --> /root/.cargo/registry/src/index.crates.io-1949cf8c6b5b557f/once_cell-1.21.3/src/race.rs:402:24
    |
402 |                 return None;
    |                        ^^^^ not found in this scope
    |
help: consider importing this unit variant
    |
355 +     use core::option::Option::None;
    |

error[E0425]: cannot find function, tuple struct or tuple variant `Some` in this scope
   --> /root/.cargo/registry/src/index.crates.io-1949cf8c6b5b557f/once_cell-1.21.3/src/race.rs:404:13
    |
404 |             Some(unsafe { &*ptr })
    |             ^^^^ not found in this scope
    |
help: consider importing this tuple variant
    |
355 +     use core::option::Option::Some;
    |

error[E0412]: cannot find type `Result` in this scope
   --> /root/.cargo/registry/src/index.crates.io-1949cf8c6b5b557f/once_cell-1.21.3/src/race.rs:411:45
    |
411 |         pub fn set(&self, value: Box<T>) -> Result<(), Box<T>> {
    |                                             ^^^^^^ not found in this scope
    |
help: consider importing one of these items
    |
355 +     use core::fmt::Result;
    |
355 +     use core::result::Result;
    |
355 +     use alloc::fmt::Result;
    |

error[E0425]: cannot find function, tuple struct or tuple variant `Err` in this scope
   --> /root/.cargo/registry/src/index.crates.io-1949cf8c6b5b557f/once_cell-1.21.3/src/race.rs:421:24
    |
421 |                 return Err(value);
    |                        ^^^ not found in this scope
    |
help: consider importing this tuple variant
    |
355 +     use core::result::Result::Err;
    |

error[E0425]: cannot find function, tuple struct or tuple variant `Ok` in this scope
   --> /root/.cargo/registry/src/index.crates.io-1949cf8c6b5b557f/once_cell-1.21.3/src/race.rs:423:13
    |
423 |             Ok(())
    |             ^^ not found in this scope
    |
help: consider importing this tuple variant
    |
355 +     use core::result::Result::Ok;
    |

error[E0405]: cannot find trait `FnOnce` in this scope
   --> /root/.cargo/registry/src/index.crates.io-1949cf8c6b5b557f/once_cell-1.21.3/src/race.rs:434:16
    |
434 |             F: FnOnce() -> Box<T>,
    |                ^^^^^^ not found in this scope
    |
help: consider importing this trait
    |
355 +     use core::ops::FnOnce;
    |

error[E0425]: cannot find function, tuple struct or tuple variant `Ok` in this scope
   --> /root/.cargo/registry/src/index.crates.io-1949cf8c6b5b557f/once_cell-1.21.3/src/race.rs:437:43
    |
437 |             match self.get_or_try_init(|| Ok::<Box<T>, Void>(f())) {
    |                                           ^^ not found in this scope
    |
help: consider importing this tuple variant
    |
355 +     use core::result::Result::Ok;
    |

error[E0531]: cannot find tuple struct or tuple variant `Ok` in this scope
   --> /root/.cargo/registry/src/index.crates.io-1949cf8c6b5b557f/once_cell-1.21.3/src/race.rs:438:17
    |
438 |                 Ok(val) => val,
    |                 ^^ not found in this scope
    |
help: consider importing this tuple variant
    |
355 +     use core::result::Result::Ok;
    |

error[E0531]: cannot find tuple struct or tuple variant `Err` in this scope
   --> /root/.cargo/registry/src/index.crates.io-1949cf8c6b5b557f/once_cell-1.21.3/src/race.rs:439:17
    |
439 |                 Err(void) => match void {},
    |                 ^^^ not found in this scope
    |
help: consider importing this tuple variant
    |
355 +     use core::result::Result::Err;
    |

error[E0405]: cannot find trait `FnOnce` in this scope
   --> /root/.cargo/registry/src/index.crates.io-1949cf8c6b5b557f/once_cell-1.21.3/src/race.rs:452:16
    |
452 |             F: FnOnce() -> Result<Box<T>, E>,
    |                ^^^^^^ not found in this scope
    |
help: consider importing this trait
    |
355 +     use core::ops::FnOnce;
    |

error[E0412]: cannot find type `Result` in this scope
   --> /root/.cargo/registry/src/index.crates.io-1949cf8c6b5b557f/once_cell-1.21.3/src/race.rs:452:28
    |
452 |             F: FnOnce() -> Result<Box<T>, E>,
    |                            ^^^^^^ not found in this scope
    |
help: consider importing one of these items
    |
355 +     use core::fmt::Result;
    |
355 +     use core::result::Result;
    |
355 +     use alloc::fmt::Result;
    |

error[E0412]: cannot find type `Result` in this scope
   --> /root/.cargo/registry/src/index.crates.io-1949cf8c6b5b557f/once_cell-1.21.3/src/race.rs:450:54
    |
450 |         pub fn get_or_try_init<F, E>(&self, f: F) -> Result<&T, E>
    |                                                      ^^^^^^ not found in this scope
    |
help: consider importing one of these items
    |
355 +     use core::fmt::Result;
    |
355 +     use core::result::Result;
    |
355 +     use alloc::fmt::Result;
    |

error[E0531]: cannot find tuple struct or tuple variant `Some` in this scope
   --> /root/.cargo/registry/src/index.crates.io-1949cf8c6b5b557f/once_cell-1.21.3/src/race.rs:455:17
    |
455 |                 Some(val) => Ok(val),
    |                 ^^^^ not found in this scope
    |
help: consider importing this tuple variant
    |
355 +     use core::option::Option::Some;
    |

error[E0425]: cannot find function, tuple struct or tuple variant `Ok` in this scope
   --> /root/.cargo/registry/src/index.crates.io-1949cf8c6b5b557f/once_cell-1.21.3/src/race.rs:455:30
    |
455 |                 Some(val) => Ok(val),
    |                              ^^ not found in this scope
    |
help: consider importing this tuple variant
    |
355 +     use core::result::Result::Ok;
    |

error[E0405]: cannot find trait `FnOnce` in this scope
   --> /root/.cargo/registry/src/index.crates.io-1949cf8c6b5b557f/once_cell-1.21.3/src/race.rs:462:35
    |
462 |         fn init<E>(&self, f: impl FnOnce() -> Result<Box<T>, E>) -> Result<&T, E> {
    |                                   ^^^^^^ not found in this scope
    |
help: consider importing this trait
    |
355 +     use core::ops::FnOnce;
    |

error[E0412]: cannot find type `Result` in this scope
   --> /root/.cargo/registry/src/index.crates.io-1949cf8c6b5b557f/once_cell-1.21.3/src/race.rs:462:47
    |
462 |         fn init<E>(&self, f: impl FnOnce() -> Result<Box<T>, E>) -> Result<&T, E> {
    |                                               ^^^^^^ not found in this scope
    |
help: consider importing one of these items
    |
355 +     use core::fmt::Result;
    |
355 +     use core::result::Result;
    |
355 +     use alloc::fmt::Result;
    |

error[E0412]: cannot find type `Result` in this scope
   --> /root/.cargo/registry/src/index.crates.io-1949cf8c6b5b557f/once_cell-1.21.3/src/race.rs:462:69
    |
462 |         fn init<E>(&self, f: impl FnOnce() -> Result<Box<T>, E>) -> Result<&T, E> {
    |                                                                     ^^^^^^ not found in this scope
    |
help: consider importing one of these items
    |
355 +     use core::fmt::Result;
    |
355 +     use core::result::Result;
    |
355 +     use alloc::fmt::Result;
    |

error[E0531]: cannot find tuple struct or tuple variant `Err` in this scope
   --> /root/.cargo/registry/src/index.crates.io-1949cf8c6b5b557f/once_cell-1.21.3/src/race.rs:471:20
    |
471 |             if let Err(old) = exchange {
    |                    ^^^ not found in this scope
    |
help: consider importing this tuple variant
    |
355 +     use core::result::Result::Err;
    |

error[E0425]: cannot find function `drop` in this scope
   --> /root/.cargo/registry/src/index.crates.io-1949cf8c6b5b557f/once_cell-1.21.3/src/race.rs:472:17
    |
472 |                 drop(unsafe { Box::from_raw(ptr) });
    |                 ^^^^ not found in this scope
    |
help: consider importing this function
    |
355 +     use core::mem::drop;
    |

error[E0425]: cannot find function, tuple struct or tuple variant `Ok` in this scope
   --> /root/.cargo/registry/src/index.crates.io-1949cf8c6b5b557f/once_cell-1.21.3/src/race.rs:475:13
    |
475 |             Ok(unsafe { &*ptr })
    |             ^^ not found in this scope
    |
help: consider importing this tuple variant
    |
355 +     use core::result::Result::Ok;
    |

error[E0405]: cannot find trait `Sync` in this scope
   --> /root/.cargo/registry/src/index.crates.io-1949cf8c6b5b557f/once_cell-1.21.3/src/race.rs:479:33
    |
479 |     unsafe impl<T: Sync + Send> Sync for OnceBox<T> {}
    |                                 ^^^^ not found in this scope
    |
help: consider importing this trait
    |
355 +     use core::marker::Sync;
    |

error[E0405]: cannot find trait `Sync` in this scope
   --> /root/.cargo/registry/src/index.crates.io-1949cf8c6b5b557f/once_cell-1.21.3/src/race.rs:479:20
    |
479 |     unsafe impl<T: Sync + Send> Sync for OnceBox<T> {}
    |                    ^^^^ not found in this scope
    |
help: consider importing this trait
    |
355 +     use core::marker::Sync;
    |

error[E0405]: cannot find trait `Send` in this scope
   --> /root/.cargo/registry/src/index.crates.io-1949cf8c6b5b557f/once_cell-1.21.3/src/race.rs:479:27
    |
479 |     unsafe impl<T: Sync + Send> Sync for OnceBox<T> {}
    |                           ^^^^ not found in this scope
    |
help: consider importing this trait
    |
355 +     use core::marker::Send;
    |

error[E0405]: cannot find trait `Clone` in this scope
   --> /root/.cargo/registry/src/index.crates.io-1949cf8c6b5b557f/once_cell-1.21.3/src/race.rs:481:20
    |
481 |     impl<T: Clone> Clone for OnceBox<T> {
    |                    ^^^^^ not found in this scope
    |
help: consider importing this trait
    |
355 +     use core::clone::Clone;
    |

error[E0405]: cannot find trait `Clone` in this scope
   --> /root/.cargo/registry/src/index.crates.io-1949cf8c6b5b557f/once_cell-1.21.3/src/race.rs:481:13
    |
481 |     impl<T: Clone> Clone for OnceBox<T> {
    |             ^^^^^ not found in this scope
    |
help: consider importing this trait
    |
355 +     use core::clone::Clone;
    |

error[E0531]: cannot find tuple struct or tuple variant `Some` in this scope
   --> /root/.cargo/registry/src/index.crates.io-1949cf8c6b5b557f/once_cell-1.21.3/src/race.rs:484:17
    |
484 |                 Some(value) => OnceBox::with_value(Box::new(value.clone())),
    |                 ^^^^ not found in this scope
    |
help: consider importing this tuple variant
    |
355 +     use core::option::Option::Some;
    |

Some errors have detailed explanations: E0405, E0408, E0412, E0425, E0463, E0531.
For more information about an error, try `rustc --explain E0405`.
error: could not compile `once_cell` (lib) due to 244 previous errors
warning: build failed, waiting for other jobs to finish...
For more information about this error, try `rustc --explain E0463`.
error: could not compile `fiat-crypto` (lib) due to 1 previous error
